This is pdfTeX, Version 3.141592653-2.6-1.40.22 (TeX Live 2022/dev/Debian) (preloaded format=pdflatex 2023.5.30)  7 FEB 2024 21:18
entering extended mode
 restricted \write18 enabled.
 %&-line parsing enabled.
**main.tex
(./main.tex
LaTeX2e <2021-11-15> patch level 1
L3 programming layer <2022-01-21>
(/usr/share/texlive/texmf-dist/tex/latex/base/article.cls
Document Class: article 2021/10/04 v1.4n Standard LaTeX document class
(/usr/share/texlive/texmf-dist/tex/latex/base/size12.clo
File: size12.clo 2021/10/04 v1.4n Standard LaTeX file (size option)
)
\c@part=\count185
\c@section=\count186
\c@subsection=\count187
\c@subsubsection=\count188
\c@paragraph=\count189
\c@subparagraph=\count190
\c@figure=\count191
\c@table=\count192
\abovecaptionskip=\skip47
\belowcaptionskip=\skip48
\bibindent=\dimen138
)
(/usr/share/texlive/texmf-dist/tex/latex/base/inputenc.sty
Package: inputenc 2021/02/14 v1.3d Input encoding file
\inpenc@prehook=\toks16
\inpenc@posthook=\toks17
)
(/usr/share/texlive/texmf-dist/tex/generic/babel/babel.sty
Package: babel 2022/01/26 3.70 The Babel package
\babel@savecnt=\count193
\U@D=\dimen139
\l@unhyphenated=\language87

(/usr/share/texlive/texmf-dist/tex/generic/babel/txtbabel.def)
\bbl@readstream=\read2
\bbl@dirlevel=\count194

(/usr/share/texlive/texmf-dist/tex/generic/babel-spanish/spanish.ldf
Language: spanish.ldf 2021/05/27 v5.0q Spanish support from the babel system
\es@quottoks=\toks18
\es@quotdepth=\count195
Package babel Info: Making " an active character on input line 570.
Package babel Info: Making . an active character on input line 675.
Package babel Info: Making < an active character on input line 722.
Package babel Info: Making > an active character on input line 722.
))
(/usr/share/texlive/texmf-dist/tex/latex/amsmath/amsmath.sty
Package: amsmath 2021/10/15 v2.17l AMS math features
\@mathmargin=\skip49

For additional information on amsmath, use the `?' option.
(/usr/share/texlive/texmf-dist/tex/latex/amsmath/amstext.sty
Package: amstext 2021/08/26 v2.01 AMS text

(/usr/share/texlive/texmf-dist/tex/latex/amsmath/amsgen.sty
File: amsgen.sty 1999/11/30 v2.0 generic functions
\@emptytoks=\toks19
\ex@=\dimen140
))
(/usr/share/texlive/texmf-dist/tex/latex/amsmath/amsbsy.sty
Package: amsbsy 1999/11/29 v1.2d Bold Symbols
\pmbraise@=\dimen141
)
(/usr/share/texlive/texmf-dist/tex/latex/amsmath/amsopn.sty
Package: amsopn 2021/08/26 v2.02 operator names
)
\inf@bad=\count196
LaTeX Info: Redefining \frac on input line 234.
\uproot@=\count197
\leftroot@=\count198
LaTeX Info: Redefining \overline on input line 399.
\classnum@=\count199
\DOTSCASE@=\count266
LaTeX Info: Redefining \ldots on input line 496.
LaTeX Info: Redefining \dots on input line 499.
LaTeX Info: Redefining \cdots on input line 620.
\Mathstrutbox@=\box50
\strutbox@=\box51
\big@size=\dimen142
LaTeX Font Info:    Redeclaring font encoding OML on input line 743.
LaTeX Font Info:    Redeclaring font encoding OMS on input line 744.
\macc@depth=\count267
\c@MaxMatrixCols=\count268
\dotsspace@=\muskip16
\c@parentequation=\count269
\dspbrk@lvl=\count270
\tag@help=\toks20
\row@=\count271
\column@=\count272
\maxfields@=\count273
\andhelp@=\toks21
\eqnshift@=\dimen143
\alignsep@=\dimen144
\tagshift@=\dimen145
\tagwidth@=\dimen146
\totwidth@=\dimen147
\lineht@=\dimen148
\@envbody=\toks22
\multlinegap=\skip50
\multlinetaggap=\skip51
\mathdisplay@stack=\toks23
LaTeX Info: Redefining \[ on input line 2938.
LaTeX Info: Redefining \] on input line 2939.
)
(/usr/share/texlive/texmf-dist/tex/latex/amsfonts/amsfonts.sty
Package: amsfonts 2013/01/14 v3.01 Basic AMSFonts support
\symAMSa=\mathgroup4
\symAMSb=\mathgroup5
LaTeX Font Info:    Redeclaring math symbol \hbar on input line 98.
LaTeX Font Info:    Overwriting math alphabet `\mathfrak' in version `bold'
(Font)                  U/euf/m/n --> U/euf/b/n on input line 106.
)
(/usr/share/texlive/texmf-dist/tex/latex/amsfonts/amssymb.sty
Package: amssymb 2013/01/14 v3.01 AMS font symbols
)
(/usr/share/texlive/texmf-dist/tex/latex/siunitx/siunitx.sty
Package: siunitx 2022-02-02 v3.0.46 A comprehensive (SI) units package
\l__siunitx_angle_tmp_dim=\dimen149
\l__siunitx_angle_marker_box=\box52
\l__siunitx_angle_unit_box=\box53
\l__siunitx_compound_count_int=\count274

(/usr/share/texlive/texmf-dist/tex/latex/translations/translations.sty
Package: translations 2022/01/04 v1.11 internationalization of LaTeX2e packages
 (CN)

(/usr/share/texlive/texmf-dist/tex/latex/etoolbox/etoolbox.sty
Package: etoolbox 2020/10/05 v2.5k e-TeX tools for LaTeX (JAW)
\etb@tempcnta=\count275
)
(/usr/share/texlive/texmf-dist/tex/generic/pdftexcmds/pdftexcmds.sty
Package: pdftexcmds 2020-06-27 v0.33 Utility functions of pdfTeX for LuaTeX (HO
)

(/usr/share/texlive/texmf-dist/tex/generic/infwarerr/infwarerr.sty
Package: infwarerr 2019/12/03 v1.5 Providing info/warning/error messages (HO)
)
(/usr/share/texlive/texmf-dist/tex/generic/iftex/iftex.sty
Package: iftex 2020/03/06 v1.0d TeX engine tests
)
(/usr/share/texlive/texmf-dist/tex/generic/ltxcmds/ltxcmds.sty
Package: ltxcmds 2020-05-10 v1.25 LaTeX kernel commands for general use (HO)
)
Package pdftexcmds Info: \pdf@primitive is available.
Package pdftexcmds Info: \pdf@ifprimitive is available.
Package pdftexcmds Info: \pdfdraftmode found.
))
\l__siunitx_number_exponent_fixed_int=\count276
\l__siunitx_number_min_decimal_int=\count277
\l__siunitx_number_min_integer_int=\count278
\l__siunitx_number_round_precision_int=\count279
\l__siunitx_number_group_minimum_int=\count280
\l__siunitx_table_tmp_box=\box54
\l__siunitx_table_tmp_dim=\dimen150
\l__siunitx_table_column_width_dim=\dimen151
\l__siunitx_table_integer_box=\box55
\l__siunitx_table_decimal_box=\box56
\l__siunitx_table_before_box=\box57
\l__siunitx_table_after_box=\box58
\l__siunitx_table_before_dim=\dimen152
\l__siunitx_table_carry_dim=\dimen153
\l__siunitx_unit_tmp_int=\count281
\l__siunitx_unit_position_int=\count282
\l__siunitx_unit_total_int=\count283

(/usr/share/texlive/texmf-dist/tex/latex/l3packages/l3keys2e/l3keys2e.sty
(/usr/share/texlive/texmf-dist/tex/latex/l3kernel/expl3.sty
Package: expl3 2022-01-21 L3 programming layer (loader) 

(/usr/share/texlive/texmf-dist/tex/latex/l3backend/l3backend-pdftex.def
File: l3backend-pdftex.def 2022-01-12 L3 backend support: PDF output (pdfTeX)
\l__color_backend_stack_int=\count284
\l__pdf_internal_box=\box59
))
Package: l3keys2e 2022-01-12 LaTeX2e option processing using LaTeX3 keys
)
(/usr/share/texlive/texmf-dist/tex/latex/tools/array.sty
Package: array 2021/10/04 v2.5f Tabular extension package (FMi)
\col@sep=\dimen154
\ar@mcellbox=\box60
\extrarowheight=\dimen155
\NC@list=\toks24
\extratabsurround=\skip52
\backup@length=\skip53
\ar@cellbox=\box61
))
(/usr/share/texlive/texmf-dist/tex/latex/adjustbox/adjustbox.sty
Package: adjustbox 2020/08/19 v1.3 Adjusting TeX boxes (trim, clip, ...)

(/usr/share/texlive/texmf-dist/tex/latex/xkeyval/xkeyval.sty
Package: xkeyval 2020/11/20 v2.8 package option processing (HA)

(/usr/share/texlive/texmf-dist/tex/generic/xkeyval/xkeyval.tex
(/usr/share/texlive/texmf-dist/tex/generic/xkeyval/xkvutils.tex
\XKV@toks=\toks25
\XKV@tempa@toks=\toks26

(/usr/share/texlive/texmf-dist/tex/generic/xkeyval/keyval.tex))
\XKV@depth=\count285
File: xkeyval.tex 2014/12/03 v2.7a key=value parser (HA)
))
(/usr/share/texlive/texmf-dist/tex/latex/adjustbox/adjcalc.sty
Package: adjcalc 2012/05/16 v1.1 Provides advanced setlength with multiple back
-ends (calc, etex, pgfmath)
)
(/usr/share/texlive/texmf-dist/tex/latex/adjustbox/trimclip.sty
Package: trimclip 2020/08/19 v1.2 Trim and clip general TeX material

(/usr/share/texlive/texmf-dist/tex/latex/graphics/graphicx.sty
Package: graphicx 2021/09/16 v1.2d Enhanced LaTeX Graphics (DPC,SPQR)

(/usr/share/texlive/texmf-dist/tex/latex/graphics/graphics.sty
Package: graphics 2021/03/04 v1.4d Standard LaTeX Graphics (DPC,SPQR)

(/usr/share/texlive/texmf-dist/tex/latex/graphics/trig.sty
Package: trig 2021/08/11 v1.11 sin cos tan (DPC)
)
(/usr/share/texlive/texmf-dist/tex/latex/graphics-cfg/graphics.cfg
File: graphics.cfg 2016/06/04 v1.11 sample graphics configuration
)
Package graphics Info: Driver file: pdftex.def on input line 107.

(/usr/share/texlive/texmf-dist/tex/latex/graphics-def/pdftex.def
File: pdftex.def 2020/10/05 v1.2a Graphics/color driver for pdftex
))
\Gin@req@height=\dimen156
\Gin@req@width=\dimen157
)
(/usr/share/texlive/texmf-dist/tex/latex/collectbox/collectbox.sty
Package: collectbox 2012/05/17 v0.4b Collect macro arguments as boxes
\collectedbox=\box62
)
\tc@llx=\dimen158
\tc@lly=\dimen159
\tc@urx=\dimen160
\tc@ury=\dimen161
Package trimclip Info: Using driver 'tc-pdftex.def'.

(/usr/share/texlive/texmf-dist/tex/latex/adjustbox/tc-pdftex.def
File: tc-pdftex.def 2019/01/04 v2.2 Clipping driver for pdftex
))
\adjbox@Width=\dimen162
\adjbox@Height=\dimen163
\adjbox@Depth=\dimen164
\adjbox@Totalheight=\dimen165
\adjbox@pwidth=\dimen166
\adjbox@pheight=\dimen167
\adjbox@pdepth=\dimen168
\adjbox@ptotalheight=\dimen169

(/usr/share/texlive/texmf-dist/tex/latex/ifoddpage/ifoddpage.sty
Package: ifoddpage 2016/04/23 v1.1 Conditionals for odd/even page detection
\c@checkoddpage=\count286
)
(/usr/share/texlive/texmf-dist/tex/latex/varwidth/varwidth.sty
Package: varwidth 2009/03/30 ver 0.92;  Variable-width minipages
\@vwid@box=\box63
\sift@deathcycles=\count287
\@vwid@loff=\dimen170
\@vwid@roff=\dimen171
))
(/usr/share/texlive/texmf-dist/tex/latex/circuitikz/circuitikz.sty
Package: circuitikz 2021/12/06{} The CircuiTikz circuit drawing package version
 1.4.5

(/usr/share/texlive/texmf-dist/tex/latex/pgf/frontendlayer/tikz.sty
(/usr/share/texlive/texmf-dist/tex/latex/pgf/basiclayer/pgf.sty
(/usr/share/texlive/texmf-dist/tex/latex/pgf/utilities/pgfrcs.sty
(/usr/share/texlive/texmf-dist/tex/generic/pgf/utilities/pgfutil-common.tex
\pgfutil@everybye=\toks27
\pgfutil@tempdima=\dimen172
\pgfutil@tempdimb=\dimen173

(/usr/share/texlive/texmf-dist/tex/generic/pgf/utilities/pgfutil-common-lists.t
ex)) (/usr/share/texlive/texmf-dist/tex/generic/pgf/utilities/pgfutil-latex.def
\pgfutil@abb=\box64
) (/usr/share/texlive/texmf-dist/tex/generic/pgf/utilities/pgfrcs.code.tex
(/usr/share/texlive/texmf-dist/tex/generic/pgf/pgf.revision.tex)
Package: pgfrcs 2021/05/15 v3.1.9a (3.1.9a)
))
Package: pgf 2021/05/15 v3.1.9a (3.1.9a)

(/usr/share/texlive/texmf-dist/tex/latex/pgf/basiclayer/pgfcore.sty
(/usr/share/texlive/texmf-dist/tex/latex/pgf/systemlayer/pgfsys.sty
(/usr/share/texlive/texmf-dist/tex/generic/pgf/systemlayer/pgfsys.code.tex
Package: pgfsys 2021/05/15 v3.1.9a (3.1.9a)

(/usr/share/texlive/texmf-dist/tex/generic/pgf/utilities/pgfkeys.code.tex
\pgfkeys@pathtoks=\toks28
\pgfkeys@temptoks=\toks29

(/usr/share/texlive/texmf-dist/tex/generic/pgf/utilities/pgfkeysfiltered.code.t
ex
\pgfkeys@tmptoks=\toks30
))
\pgf@x=\dimen174
\pgf@y=\dimen175
\pgf@xa=\dimen176
\pgf@ya=\dimen177
\pgf@xb=\dimen178
\pgf@yb=\dimen179
\pgf@xc=\dimen180
\pgf@yc=\dimen181
\pgf@xd=\dimen182
\pgf@yd=\dimen183
\w@pgf@writea=\write3
\r@pgf@reada=\read3
\c@pgf@counta=\count288
\c@pgf@countb=\count289
\c@pgf@countc=\count290
\c@pgf@countd=\count291
\t@pgf@toka=\toks31
\t@pgf@tokb=\toks32
\t@pgf@tokc=\toks33
\pgf@sys@id@count=\count292
 (/usr/share/texlive/texmf-dist/tex/generic/pgf/systemlayer/pgf.cfg
File: pgf.cfg 2021/05/15 v3.1.9a (3.1.9a)
)
Driver file for pgf: pgfsys-pdftex.def

(/usr/share/texlive/texmf-dist/tex/generic/pgf/systemlayer/pgfsys-pdftex.def
File: pgfsys-pdftex.def 2021/05/15 v3.1.9a (3.1.9a)

(/usr/share/texlive/texmf-dist/tex/generic/pgf/systemlayer/pgfsys-common-pdf.de
f
File: pgfsys-common-pdf.def 2021/05/15 v3.1.9a (3.1.9a)
)))
(/usr/share/texlive/texmf-dist/tex/generic/pgf/systemlayer/pgfsyssoftpath.code.
tex
File: pgfsyssoftpath.code.tex 2021/05/15 v3.1.9a (3.1.9a)
\pgfsyssoftpath@smallbuffer@items=\count293
\pgfsyssoftpath@bigbuffer@items=\count294
)
(/usr/share/texlive/texmf-dist/tex/generic/pgf/systemlayer/pgfsysprotocol.code.
tex
File: pgfsysprotocol.code.tex 2021/05/15 v3.1.9a (3.1.9a)
)) (/usr/share/texlive/texmf-dist/tex/latex/xcolor/xcolor.sty
Package: xcolor 2021/10/31 v2.13 LaTeX color extensions (UK)

(/usr/share/texlive/texmf-dist/tex/latex/graphics-cfg/color.cfg
File: color.cfg 2016/01/02 v1.6 sample color configuration
)
Package xcolor Info: Driver file: pdftex.def on input line 227.
Package xcolor Info: Model `cmy' substituted by `cmy0' on input line 1352.
Package xcolor Info: Model `hsb' substituted by `rgb' on input line 1356.
Package xcolor Info: Model `RGB' extended on input line 1368.
Package xcolor Info: Model `HTML' substituted by `rgb' on input line 1370.
Package xcolor Info: Model `Hsb' substituted by `hsb' on input line 1371.
Package xcolor Info: Model `tHsb' substituted by `hsb' on input line 1372.
Package xcolor Info: Model `HSB' substituted by `hsb' on input line 1373.
Package xcolor Info: Model `Gray' substituted by `gray' on input line 1374.
Package xcolor Info: Model `wave' substituted by `hsb' on input line 1375.
)
(/usr/share/texlive/texmf-dist/tex/generic/pgf/basiclayer/pgfcore.code.tex
Package: pgfcore 2021/05/15 v3.1.9a (3.1.9a)

(/usr/share/texlive/texmf-dist/tex/generic/pgf/math/pgfmath.code.tex
(/usr/share/texlive/texmf-dist/tex/generic/pgf/math/pgfmathcalc.code.tex
(/usr/share/texlive/texmf-dist/tex/generic/pgf/math/pgfmathutil.code.tex)
(/usr/share/texlive/texmf-dist/tex/generic/pgf/math/pgfmathparser.code.tex
\pgfmath@dimen=\dimen184
\pgfmath@count=\count295
\pgfmath@box=\box65
\pgfmath@toks=\toks34
\pgfmath@stack@operand=\toks35
\pgfmath@stack@operation=\toks36
)
(/usr/share/texlive/texmf-dist/tex/generic/pgf/math/pgfmathfunctions.code.tex
(/usr/share/texlive/texmf-dist/tex/generic/pgf/math/pgfmathfunctions.basic.code
.tex)
(/usr/share/texlive/texmf-dist/tex/generic/pgf/math/pgfmathfunctions.trigonomet
ric.code.tex)
(/usr/share/texlive/texmf-dist/tex/generic/pgf/math/pgfmathfunctions.random.cod
e.tex)
(/usr/share/texlive/texmf-dist/tex/generic/pgf/math/pgfmathfunctions.comparison
.code.tex)
(/usr/share/texlive/texmf-dist/tex/generic/pgf/math/pgfmathfunctions.base.code.
tex)
(/usr/share/texlive/texmf-dist/tex/generic/pgf/math/pgfmathfunctions.round.code
.tex)
(/usr/share/texlive/texmf-dist/tex/generic/pgf/math/pgfmathfunctions.misc.code.
tex)
(/usr/share/texlive/texmf-dist/tex/generic/pgf/math/pgfmathfunctions.integerari
thmetics.code.tex)))
(/usr/share/texlive/texmf-dist/tex/generic/pgf/math/pgfmathfloat.code.tex
\c@pgfmathroundto@lastzeros=\count296
))
(/usr/share/texlive/texmf-dist/tex/generic/pgf/math/pgfint.code.tex)
(/usr/share/texlive/texmf-dist/tex/generic/pgf/basiclayer/pgfcorepoints.code.te
x
File: pgfcorepoints.code.tex 2021/05/15 v3.1.9a (3.1.9a)
\pgf@picminx=\dimen185
\pgf@picmaxx=\dimen186
\pgf@picminy=\dimen187
\pgf@picmaxy=\dimen188
\pgf@pathminx=\dimen189
\pgf@pathmaxx=\dimen190
\pgf@pathminy=\dimen191
\pgf@pathmaxy=\dimen192
\pgf@xx=\dimen193
\pgf@xy=\dimen194
\pgf@yx=\dimen195
\pgf@yy=\dimen196
\pgf@zx=\dimen197
\pgf@zy=\dimen198
)
(/usr/share/texlive/texmf-dist/tex/generic/pgf/basiclayer/pgfcorepathconstruct.
code.tex
File: pgfcorepathconstruct.code.tex 2021/05/15 v3.1.9a (3.1.9a)
\pgf@path@lastx=\dimen199
\pgf@path@lasty=\dimen256
)
(/usr/share/texlive/texmf-dist/tex/generic/pgf/basiclayer/pgfcorepathusage.code
.tex
File: pgfcorepathusage.code.tex 2021/05/15 v3.1.9a (3.1.9a)
\pgf@shorten@end@additional=\dimen257
\pgf@shorten@start@additional=\dimen258
)
(/usr/share/texlive/texmf-dist/tex/generic/pgf/basiclayer/pgfcorescopes.code.te
x
File: pgfcorescopes.code.tex 2021/05/15 v3.1.9a (3.1.9a)
\pgfpic=\box66
\pgf@hbox=\box67
\pgf@layerbox@main=\box68
\pgf@picture@serial@count=\count297
)
(/usr/share/texlive/texmf-dist/tex/generic/pgf/basiclayer/pgfcoregraphicstate.c
ode.tex
File: pgfcoregraphicstate.code.tex 2021/05/15 v3.1.9a (3.1.9a)
\pgflinewidth=\dimen259
)
(/usr/share/texlive/texmf-dist/tex/generic/pgf/basiclayer/pgfcoretransformation
s.code.tex
File: pgfcoretransformations.code.tex 2021/05/15 v3.1.9a (3.1.9a)
\pgf@pt@x=\dimen260
\pgf@pt@y=\dimen261
\pgf@pt@temp=\dimen262
)
(/usr/share/texlive/texmf-dist/tex/generic/pgf/basiclayer/pgfcorequick.code.tex
File: pgfcorequick.code.tex 2021/05/15 v3.1.9a (3.1.9a)
)
(/usr/share/texlive/texmf-dist/tex/generic/pgf/basiclayer/pgfcoreobjects.code.t
ex
File: pgfcoreobjects.code.tex 2021/05/15 v3.1.9a (3.1.9a)
)
(/usr/share/texlive/texmf-dist/tex/generic/pgf/basiclayer/pgfcorepathprocessing
.code.tex
File: pgfcorepathprocessing.code.tex 2021/05/15 v3.1.9a (3.1.9a)
)
(/usr/share/texlive/texmf-dist/tex/generic/pgf/basiclayer/pgfcorearrows.code.te
x
File: pgfcorearrows.code.tex 2021/05/15 v3.1.9a (3.1.9a)
\pgfarrowsep=\dimen263
)
(/usr/share/texlive/texmf-dist/tex/generic/pgf/basiclayer/pgfcoreshade.code.tex
File: pgfcoreshade.code.tex 2021/05/15 v3.1.9a (3.1.9a)
\pgf@max=\dimen264
\pgf@sys@shading@range@num=\count298
\pgf@shadingcount=\count299
)
(/usr/share/texlive/texmf-dist/tex/generic/pgf/basiclayer/pgfcoreimage.code.tex
File: pgfcoreimage.code.tex 2021/05/15 v3.1.9a (3.1.9a)

(/usr/share/texlive/texmf-dist/tex/generic/pgf/basiclayer/pgfcoreexternal.code.
tex
File: pgfcoreexternal.code.tex 2021/05/15 v3.1.9a (3.1.9a)
\pgfexternal@startupbox=\box69
))
(/usr/share/texlive/texmf-dist/tex/generic/pgf/basiclayer/pgfcorelayers.code.te
x
File: pgfcorelayers.code.tex 2021/05/15 v3.1.9a (3.1.9a)
)
(/usr/share/texlive/texmf-dist/tex/generic/pgf/basiclayer/pgfcoretransparency.c
ode.tex
File: pgfcoretransparency.code.tex 2021/05/15 v3.1.9a (3.1.9a)
)
(/usr/share/texlive/texmf-dist/tex/generic/pgf/basiclayer/pgfcorepatterns.code.
tex
File: pgfcorepatterns.code.tex 2021/05/15 v3.1.9a (3.1.9a)
)
(/usr/share/texlive/texmf-dist/tex/generic/pgf/basiclayer/pgfcorerdf.code.tex
File: pgfcorerdf.code.tex 2021/05/15 v3.1.9a (3.1.9a)
)))
(/usr/share/texlive/texmf-dist/tex/generic/pgf/modules/pgfmoduleshapes.code.tex
File: pgfmoduleshapes.code.tex 2021/05/15 v3.1.9a (3.1.9a)
\pgfnodeparttextbox=\box70
) (/usr/share/texlive/texmf-dist/tex/generic/pgf/modules/pgfmoduleplot.code.tex
File: pgfmoduleplot.code.tex 2021/05/15 v3.1.9a (3.1.9a)
)
(/usr/share/texlive/texmf-dist/tex/latex/pgf/compatibility/pgfcomp-version-0-65
.sty
Package: pgfcomp-version-0-65 2021/05/15 v3.1.9a (3.1.9a)
\pgf@nodesepstart=\dimen265
\pgf@nodesepend=\dimen266
)
(/usr/share/texlive/texmf-dist/tex/latex/pgf/compatibility/pgfcomp-version-1-18
.sty
Package: pgfcomp-version-1-18 2021/05/15 v3.1.9a (3.1.9a)
)) (/usr/share/texlive/texmf-dist/tex/latex/pgf/utilities/pgffor.sty
(/usr/share/texlive/texmf-dist/tex/latex/pgf/utilities/pgfkeys.sty
(/usr/share/texlive/texmf-dist/tex/generic/pgf/utilities/pgfkeys.code.tex))
(/usr/share/texlive/texmf-dist/tex/latex/pgf/math/pgfmath.sty
(/usr/share/texlive/texmf-dist/tex/generic/pgf/math/pgfmath.code.tex))
(/usr/share/texlive/texmf-dist/tex/generic/pgf/utilities/pgffor.code.tex
Package: pgffor 2021/05/15 v3.1.9a (3.1.9a)

(/usr/share/texlive/texmf-dist/tex/generic/pgf/math/pgfmath.code.tex)
\pgffor@iter=\dimen267
\pgffor@skip=\dimen268
\pgffor@stack=\toks37
\pgffor@toks=\toks38
))
(/usr/share/texlive/texmf-dist/tex/generic/pgf/frontendlayer/tikz/tikz.code.tex
Package: tikz 2021/05/15 v3.1.9a (3.1.9a)

(/usr/share/texlive/texmf-dist/tex/generic/pgf/libraries/pgflibraryplothandlers
.code.tex
File: pgflibraryplothandlers.code.tex 2021/05/15 v3.1.9a (3.1.9a)
\pgf@plot@mark@count=\count300
\pgfplotmarksize=\dimen269
)
\tikz@lastx=\dimen270
\tikz@lasty=\dimen271
\tikz@lastxsaved=\dimen272
\tikz@lastysaved=\dimen273
\tikz@lastmovetox=\dimen274
\tikz@lastmovetoy=\dimen275
\tikzleveldistance=\dimen276
\tikzsiblingdistance=\dimen277
\tikz@figbox=\box71
\tikz@figbox@bg=\box72
\tikz@tempbox=\box73
\tikz@tempbox@bg=\box74
\tikztreelevel=\count301
\tikznumberofchildren=\count302
\tikznumberofcurrentchild=\count303
\tikz@fig@count=\count304

(/usr/share/texlive/texmf-dist/tex/generic/pgf/modules/pgfmodulematrix.code.tex
File: pgfmodulematrix.code.tex 2021/05/15 v3.1.9a (3.1.9a)
\pgfmatrixcurrentrow=\count305
\pgfmatrixcurrentcolumn=\count306
\pgf@matrix@numberofcolumns=\count307
)
\tikz@expandcount=\count308

(/usr/share/texlive/texmf-dist/tex/generic/pgf/frontendlayer/tikz/libraries/tik
zlibrarytopaths.code.tex
File: tikzlibrarytopaths.code.tex 2021/05/15 v3.1.9a (3.1.9a)
)))
(/usr/share/texlive/texmf-dist/tex/generic/pgf/frontendlayer/tikz/libraries/tik
zlibrarycalc.code.tex
File: tikzlibrarycalc.code.tex 2021/05/15 v3.1.9a (3.1.9a)
)
(/usr/share/texlive/texmf-dist/tex/generic/pgf/libraries/pgflibraryarrows.meta.
code.tex
File: pgflibraryarrows.meta.code.tex 2021/05/15 v3.1.9a (3.1.9a)
\pgfarrowinset=\dimen278
\pgfarrowlength=\dimen279
\pgfarrowwidth=\dimen280
\pgfarrowlinewidth=\dimen281
)
(/usr/share/texlive/texmf-dist/tex/generic/pgf/frontendlayer/tikz/libraries/tik
zlibrarybending.code.tex
File: tikzlibrarybending.code.tex 2021/05/15 v3.1.9a (3.1.9a)

(/usr/share/texlive/texmf-dist/tex/generic/pgf/modules/pgfmodulebending.code.te
x
File: pgfmodulebending.code.tex 2021/05/15 v3.1.9a (3.1.9a)

(/usr/share/texlive/texmf-dist/tex/generic/pgf/modules/pgfmodulenonlineartransf
ormations.code.tex
File: pgfmodulenonlineartransformations.code.tex 2021/05/15 v3.1.9a (3.1.9a)
\pgftransformnonlinearflatness=\dimen282
)
(/usr/share/texlive/texmf-dist/tex/generic/pgf/libraries/pgflibrarycurvilinear.
code.tex
File: pgflibrarycurvilinear.code.tex 2021/05/15 v3.1.9a (3.1.9a)
\pgf@curvilinear@time@a=\dimen283
\pgf@curvilinear@length@a=\dimen284
\pgf@curvilinear@length@b=\dimen285
\pgf@curvilinear@length@c=\dimen286
\pgf@curvilinear@length@d=\dimen287
)
\pgf@arrows@the@rigidity=\dimen288
))
(/usr/share/texlive/texmf-dist/tex/generic/pgf/frontendlayer/tikz/libraries/tik
zlibraryfpu.code.tex
(/usr/share/texlive/texmf-dist/tex/generic/pgf/libraries/pgflibraryfpu.code.tex
)) (/usr/share/texlive/texmf-dist/tex/generic/circuitikz/pgfcirc.defines.tex
\pgf@circ@count@a=\count309
\pgf@circ@count@b=\count310
\pgf@circ@count@c=\count311
\pgf@circ@res@up=\dimen289
\pgf@circ@res@down=\dimen290
\pgf@circ@res@zero=\dimen291
\pgf@circ@res@left=\dimen292
\pgf@circ@res@right=\dimen293
\pgf@circ@res@other=\dimen294
\pgf@circ@res@step=\dimen295
\pgf@circ@res@temp=\dimen296
\pgf@circ@Rlen=\dimen297
\pgf@circ@scaled@Rlen=\dimen298
\pgfstartlinewidth=\dimen299
)
(/usr/share/texlive/texmf-dist/tex/generic/circuitikz/pgfcircutils.tex
\ctikz@scratchbox=\box75
)
(/usr/share/texlive/texmf-dist/tex/generic/circuitikz/pgfcircpath.tex)
(/usr/share/texlive/texmf-dist/tex/generic/circuitikz/pgfcircshapes.tex)
(/usr/share/texlive/texmf-dist/tex/generic/circuitikz/pgfcircmonopoles.tex)
(/usr/share/texlive/texmf-dist/tex/generic/circuitikz/pgfcircbipoles.tex)
(/usr/share/texlive/texmf-dist/tex/generic/circuitikz/pgfcirctripoles.tex
\pgf@circ@res@count=\count312
)
(/usr/share/texlive/texmf-dist/tex/generic/circuitikz/pgfcircquadpoles.tex)
(/usr/share/texlive/texmf-dist/tex/generic/circuitikz/pgfcircmultipoles.tex)
(/usr/share/texlive/texmf-dist/tex/generic/circuitikz/pgfcirclabel.tex)
(/usr/share/texlive/texmf-dist/tex/generic/circuitikz/pgfcircvoltage.tex
\pgfcirc@labelshift=\dimen300
)
(/usr/share/texlive/texmf-dist/tex/generic/circuitikz/pgfcirccurrent.tex)
(/usr/share/texlive/texmf-dist/tex/generic/circuitikz/pgfcircflow.tex))
(/usr/share/texlive/texmf-dist/tex/latex/pdfpages/pdfpages.sty
Package: pdfpages 2022/01/29 v0.5u Insert pages of external PDF documents (AM)

(/usr/share/texlive/texmf-dist/tex/latex/base/ifthen.sty
Package: ifthen 2020/11/24 v1.1c Standard LaTeX ifthen package (DPC)
)
(/usr/share/texlive/texmf-dist/tex/latex/tools/calc.sty
Package: calc 2017/05/25 v4.3 Infix arithmetic (KKT,FJ)
\calc@Acount=\count313
\calc@Bcount=\count314
\calc@Adimen=\dimen301
\calc@Bdimen=\dimen302
\calc@Askip=\skip54
\calc@Bskip=\skip55
LaTeX Info: Redefining \setlength on input line 80.
LaTeX Info: Redefining \addtolength on input line 81.
\calc@Ccount=\count315
\calc@Cskip=\skip56
)
(/usr/share/texlive/texmf-dist/tex/latex/eso-pic/eso-pic.sty
Package: eso-pic 2020/10/14 v3.0a eso-pic (RN)
\ESO@tempdima=\dimen303
\ESO@tempdimb=\dimen304
)
\AM@pagewidth=\dimen305
\AM@pageheight=\dimen306
\AM@fboxrule=\dimen307

(/usr/share/texlive/texmf-dist/tex/latex/pdfpages/pppdftex.def
File: pppdftex.def 2022/01/29 v0.5u Pdfpages driver for pdfTeX (AM)
)
\pdfpages@includegraphics@status=\count316
\AM@pagebox=\box76
\AM@global@opts=\toks39
\AM@pagecnt=\count317
\AM@toc@title=\toks40
\c@AM@survey=\count318
\AM@templatesizebox=\box77
)
(/usr/share/texlive/texmf-dist/tex/latex/booktabs/booktabs.sty
Package: booktabs 2020/01/12 v1.61803398 Publication quality tables
\heavyrulewidth=\dimen308
\lightrulewidth=\dimen309
\cmidrulewidth=\dimen310
\belowrulesep=\dimen311
\belowbottomsep=\dimen312
\aboverulesep=\dimen313
\abovetopsep=\dimen314
\cmidrulesep=\dimen315
\cmidrulekern=\dimen316
\defaultaddspace=\dimen317
\@cmidla=\count319
\@cmidlb=\count320
\@aboverulesep=\dimen318
\@belowrulesep=\dimen319
\@thisruleclass=\count321
\@lastruleclass=\count322
\@thisrulewidth=\dimen320
)
(/usr/share/texlive/texmf-dist/tex/latex/tools/multicol.sty
Package: multicol 2021/10/28 v1.9b multicolumn formatting (FMi)
\c@tracingmulticols=\count323
\mult@box=\box78
\multicol@leftmargin=\dimen321
\c@unbalance=\count324
\c@collectmore=\count325
\doublecol@number=\count326
\multicoltolerance=\count327
\multicolpretolerance=\count328
\full@width=\dimen322
\page@free=\dimen323
\premulticols=\dimen324
\postmulticols=\dimen325
\multicolsep=\skip57
\multicolbaselineskip=\skip58
\partial@page=\box79
\last@line=\box80
\maxbalancingoverflow=\dimen326
\mult@rightbox=\box81
\mult@grightbox=\box82
\mult@firstbox=\box83
\mult@gfirstbox=\box84
\@tempa=\box85
\@tempa=\box86
\@tempa=\box87
\@tempa=\box88
\@tempa=\box89
\@tempa=\box90
\@tempa=\box91
\@tempa=\box92
\@tempa=\box93
\@tempa=\box94
\@tempa=\box95
\@tempa=\box96
\@tempa=\box97
\@tempa=\box98
\@tempa=\box99
\@tempa=\box100
\@tempa=\box101
\@tempa=\box102
\@tempa=\box103
\@tempa=\box104
\@tempa=\box105
\@tempa=\box106
\@tempa=\box107
\@tempa=\box108
\@tempa=\box109
\@tempa=\box110
\@tempa=\box111
\@tempa=\box112
\@tempa=\box113
\@tempa=\box114
\@tempa=\box115
\@tempa=\box116
\@tempa=\box117
\@tempa=\box118
\@tempa=\box119
\@tempa=\box120
\c@minrows=\count329
\c@columnbadness=\count330
\c@finalcolumnbadness=\count331
\last@try=\dimen327
\multicolovershoot=\dimen328
\multicolundershoot=\dimen329
\mult@nat@firstbox=\box121
\colbreak@box=\box122
\mc@col@check@num=\count332
)
(/usr/share/texlive/texmf-dist/tex/latex/hyperref/hyperref.sty
Package: hyperref 2021-06-07 v7.00m Hypertext links for LaTeX

(/usr/share/texlive/texmf-dist/tex/generic/kvsetkeys/kvsetkeys.sty
Package: kvsetkeys 2019/12/15 v1.18 Key value parser (HO)
)
(/usr/share/texlive/texmf-dist/tex/generic/kvdefinekeys/kvdefinekeys.sty
Package: kvdefinekeys 2019-12-19 v1.6 Define keys (HO)
)
(/usr/share/texlive/texmf-dist/tex/generic/pdfescape/pdfescape.sty
Package: pdfescape 2019/12/09 v1.15 Implements pdfTeX's escape features (HO)
)
(/usr/share/texlive/texmf-dist/tex/latex/hycolor/hycolor.sty
Package: hycolor 2020-01-27 v1.10 Color options for hyperref/bookmark (HO)
)
(/usr/share/texlive/texmf-dist/tex/latex/letltxmacro/letltxmacro.sty
Package: letltxmacro 2019/12/03 v1.6 Let assignment for LaTeX macros (HO)
)
(/usr/share/texlive/texmf-dist/tex/latex/auxhook/auxhook.sty
Package: auxhook 2019-12-17 v1.6 Hooks for auxiliary files (HO)
)
(/usr/share/texlive/texmf-dist/tex/latex/kvoptions/kvoptions.sty
Package: kvoptions 2020-10-07 v3.14 Key value format for package options (HO)
)
\@linkdim=\dimen330
\Hy@linkcounter=\count333
\Hy@pagecounter=\count334

(/usr/share/texlive/texmf-dist/tex/latex/hyperref/pd1enc.def
File: pd1enc.def 2021-06-07 v7.00m Hyperref: PDFDocEncoding definition (HO)
Now handling font encoding PD1 ...
... no UTF-8 mapping file for font encoding PD1
)
(/usr/share/texlive/texmf-dist/tex/latex/hyperref/hyperref-langpatches.def
File: hyperref-langpatches.def 2021-06-07 v7.00m Hyperref: patches for babel la
nguages
)
(/usr/share/texlive/texmf-dist/tex/generic/intcalc/intcalc.sty
Package: intcalc 2019/12/15 v1.3 Expandable calculations with integers (HO)
)
(/usr/share/texlive/texmf-dist/tex/generic/etexcmds/etexcmds.sty
Package: etexcmds 2019/12/15 v1.7 Avoid name clashes with e-TeX commands (HO)
)
\Hy@SavedSpaceFactor=\count335

(/usr/share/texlive/texmf-dist/tex/latex/hyperref/puenc.def
File: puenc.def 2021-06-07 v7.00m Hyperref: PDF Unicode definition (HO)
Now handling font encoding PU ...
... no UTF-8 mapping file for font encoding PU
)
Package hyperref Info: Option `bookmarks' set `true' on input line 4073.
Package hyperref Info: Option `colorlinks' set `true' on input line 4073.
Package hyperref Info: Hyper figures OFF on input line 4192.
Package hyperref Info: Link nesting OFF on input line 4197.
Package hyperref Info: Hyper index ON on input line 4200.
Package hyperref Info: Plain pages OFF on input line 4207.
Package hyperref Info: Backreferencing OFF on input line 4212.
Package hyperref Info: Implicit mode ON; LaTeX internals redefined.
Package hyperref Info: Bookmarks ON on input line 4445.
\c@Hy@tempcnt=\count336

(/usr/share/texlive/texmf-dist/tex/latex/url/url.sty
\Urlmuskip=\muskip17
Package: url 2013/09/16  ver 3.4  Verb mode for urls, etc.
)
LaTeX Info: Redefining \url on input line 4804.
\XeTeXLinkMargin=\dimen331

(/usr/share/texlive/texmf-dist/tex/generic/bitset/bitset.sty
Package: bitset 2019/12/09 v1.3 Handle bit-vector datatype (HO)

(/usr/share/texlive/texmf-dist/tex/generic/bigintcalc/bigintcalc.sty
Package: bigintcalc 2019/12/15 v1.5 Expandable calculations on big integers (HO
)
))
\Fld@menulength=\count337
\Field@Width=\dimen332
\Fld@charsize=\dimen333
Package hyperref Info: Hyper figures OFF on input line 6076.
Package hyperref Info: Link nesting OFF on input line 6081.
Package hyperref Info: Hyper index ON on input line 6084.
Package hyperref Info: backreferencing OFF on input line 6091.
Package hyperref Info: Link coloring ON on input line 6094.
Package hyperref Info: Link coloring with OCG OFF on input line 6101.
Package hyperref Info: PDF/A mode OFF on input line 6106.
LaTeX Info: Redefining \ref on input line 6146.
LaTeX Info: Redefining \pageref on input line 6150.

(/usr/share/texlive/texmf-dist/tex/latex/base/atbegshi-ltx.sty
Package: atbegshi-ltx 2021/01/10 v1.0c Emulation of the original atbegshi
package with kernel methods
)
\Hy@abspage=\count338
\c@Item=\count339
\c@Hfootnote=\count340
)
Package hyperref Info: Driver (autodetected): hpdftex.

(/usr/share/texlive/texmf-dist/tex/latex/hyperref/hpdftex.def
File: hpdftex.def 2021-06-07 v7.00m Hyperref driver for pdfTeX

(/usr/share/texlive/texmf-dist/tex/latex/base/atveryend-ltx.sty
Package: atveryend-ltx 2020/08/19 v1.0a Emulation of the original atveryend pac
kage
with kernel methods
)
\Fld@listcount=\count341
\c@bookmark@seq@number=\count342

(/usr/share/texlive/texmf-dist/tex/latex/rerunfilecheck/rerunfilecheck.sty
Package: rerunfilecheck 2019/12/05 v1.9 Rerun checks for auxiliary files (HO)

(/usr/share/texlive/texmf-dist/tex/generic/uniquecounter/uniquecounter.sty
Package: uniquecounter 2019/12/15 v1.4 Provide unlimited unique counter (HO)
)
Package uniquecounter Info: New unique counter `rerunfilecheck' on input line 2
86.
)
\Hy@SectionHShift=\skip59
)
(/usr/share/texlive/texmf-dist/tex/latex/geometry/geometry.sty
Package: geometry 2020/01/02 v5.9 Page Geometry

(/usr/share/texlive/texmf-dist/tex/generic/iftex/ifvtex.sty
Package: ifvtex 2019/10/25 v1.7 ifvtex legacy package. Use iftex instead.
)
\Gm@cnth=\count343
\Gm@cntv=\count344
\c@Gm@tempcnt=\count345
\Gm@bindingoffset=\dimen334
\Gm@wd@mp=\dimen335
\Gm@odd@mp=\dimen336
\Gm@even@mp=\dimen337
\Gm@layoutwidth=\dimen338
\Gm@layoutheight=\dimen339
\Gm@layouthoffset=\dimen340
\Gm@layoutvoffset=\dimen341
\Gm@dimlist=\toks41
)
(/usr/share/texlive/texmf-dist/tex/latex/multirow/multirow.sty
Package: multirow 2021/03/15 v2.8 Span multiple rows of a table
\multirow@colwidth=\skip60
\multirow@cntb=\count346
\multirow@dima=\skip61
\bigstrutjot=\dimen342
)
(/usr/share/texlive/texmf-dist/tex/latex/float/float.sty
Package: float 2001/11/08 v1.3d Float enhancements (AL)
\c@float@type=\count347
\float@exts=\toks42
\float@box=\box123
\@float@everytoks=\toks43
\@floatcapt=\box124
)
(/usr/share/texlive/texmf-dist/tex/latex/tools/enumerate.sty
Package: enumerate 2015/07/23 v3.00 enumerate extensions (DPC)
\@enLab=\toks44
) (./main.aux
LaTeX Info: Redefining \. on input line 26.
LaTeX Info: Redefining \% on input line 26.
)
\openout1 = `main.aux'.

LaTeX Font Info:    Checking defaults for OML/cmm/m/it on input line 28.
LaTeX Font Info:    ... okay on input line 28.
LaTeX Font Info:    Checking defaults for OMS/cmsy/m/n on input line 28.
LaTeX Font Info:    ... okay on input line 28.
LaTeX Font Info:    Checking defaults for OT1/cmr/m/n on input line 28.
LaTeX Font Info:    ... okay on input line 28.
LaTeX Font Info:    Checking defaults for T1/cmr/m/n on input line 28.
LaTeX Font Info:    ... okay on input line 28.
LaTeX Font Info:    Checking defaults for TS1/cmr/m/n on input line 28.
LaTeX Font Info:    ... okay on input line 28.
LaTeX Font Info:    Checking defaults for OMX/cmex/m/n on input line 28.
LaTeX Font Info:    ... okay on input line 28.
LaTeX Font Info:    Checking defaults for U/cmr/m/n on input line 28.
LaTeX Font Info:    ... okay on input line 28.
LaTeX Font Info:    Checking defaults for PD1/pdf/m/n on input line 28.
LaTeX Font Info:    ... okay on input line 28.
LaTeX Font Info:    Checking defaults for PU/pdf/m/n on input line 28.
LaTeX Font Info:    ... okay on input line 28.
LaTeX Info: Redefining \. on input line 28.
LaTeX Info: Redefining \% on input line 28.

(/usr/share/texlive/texmf-dist/tex/latex/translations/translations-basic-dictio
nary-spanish.trsl
File: translations-basic-dictionary-spanish.trsl (spanish translation file `tra
nslations-basic-dictionary')
)
Package translations Info: loading dictionary `translations-basic-dictionary' f
or `spanish'. on input line 28.

(/usr/share/texlive/texmf-dist/tex/context/base/mkii/supp-pdf.mkii
[Loading MPS to PDF converter (version 2006.09.02).]
\scratchcounter=\count348
\scratchdimen=\dimen343
\scratchbox=\box125
\nofMPsegments=\count349
\nofMParguments=\count350
\everyMPshowfont=\toks45
\MPscratchCnt=\count351
\MPscratchDim=\dimen344
\MPnumerator=\count352
\makeMPintoPDFobject=\count353
\everyMPtoPDFconversion=\toks46
) (/usr/share/texlive/texmf-dist/tex/latex/epstopdf-pkg/epstopdf-base.sty
Package: epstopdf-base 2020-01-24 v2.11 Base part for package epstopdf
Package epstopdf-base Info: Redefining graphics rule for `.eps' on input line 4
85.

(/usr/share/texlive/texmf-dist/tex/latex/latexconfig/epstopdf-sys.cfg
File: epstopdf-sys.cfg 2010/07/13 v1.3 Configuration of (r)epstopdf for TeX Liv
e
))
(/usr/share/texlive/texmf-dist/tex/latex/pdflscape/pdflscape.sty
Package: pdflscape 2019/12/05 v0.12 Display of landscape pages in PDF (HO)

(/usr/share/texlive/texmf-dist/tex/latex/graphics/lscape.sty
Package: lscape 2020/05/28 v3.02 Landscape Pages (DPC)
)
Package pdflscape Info: Auto-detected driver: pdftex on input line 81.
)
Package hyperref Info: Link coloring ON on input line 28.

(/usr/share/texlive/texmf-dist/tex/latex/hyperref/nameref.sty
Package: nameref 2021-04-02 v2.47 Cross-referencing by name of section

(/usr/share/texlive/texmf-dist/tex/latex/refcount/refcount.sty
Package: refcount 2019/12/15 v3.6 Data extraction from label references (HO)
)
(/usr/share/texlive/texmf-dist/tex/generic/gettitlestring/gettitlestring.sty
Package: gettitlestring 2019/12/15 v1.6 Cleanup title references (HO)
)
\c@section@level=\count354
)
LaTeX Info: Redefining \ref on input line 28.
LaTeX Info: Redefining \pageref on input line 28.
LaTeX Info: Redefining \nameref on input line 28.

(./main.out) (./main.out)
\@outlinefile=\write4
\openout4 = `main.out'.


*geometry* driver: auto-detecting
*geometry* detected driver: pdftex
*geometry* verbose mode - [ preamble ] result:
* driver: pdftex
* paper: a4paper
* layout: <same size as paper>
* layoutoffset:(h,v)=(0.0pt,0.0pt)
* modes: 
* h-part:(L,W,R)=(56.9055pt, 483.69687pt, 56.9055pt)
* v-part:(T,H,B)=(56.9055pt, 731.23584pt, 56.9055pt)
* \paperwidth=597.50787pt
* \paperheight=845.04684pt
* \textwidth=483.69687pt
* \textheight=731.23584pt
* \oddsidemargin=-15.36449pt
* \evensidemargin=-15.36449pt
* \topmargin=-52.36449pt
* \headheight=12.0pt
* \headsep=25.0pt
* \topskip=12.0pt
* \footskip=30.0pt
* \marginparwidth=35.0pt
* \marginparsep=10.0pt
* \columnsep=10.0pt
* \skip\footins=10.8pt plus 4.0pt minus 2.0pt
* \hoffset=0.0pt
* \voffset=0.0pt
* \mag=1000
* \@twocolumnfalse
* \@twosidefalse
* \@mparswitchfalse
* \@reversemarginfalse
* (1in=72.27pt=25.4mm, 1cm=28.453pt)


! LaTeX Error: There's no line here to end.

See the LaTeX manual or LaTeX Companion for explanation.
Type  H <return>  for immediate help.
 ...                                              
                                                  
l.31 \thispagestyle
                   {empty}%%no numerar la portada
Your command was ignored.
Type  I <command> <return>  to replace it with another command,
or  <return>  to continue without it.

LaTeX Font Info:    Trying to load font information for U+msa on input line 31.

(/usr/share/texlive/texmf-dist/tex/latex/amsfonts/umsa.fd
File: umsa.fd 2013/01/14 v3.01 AMS symbols A
)
LaTeX Font Info:    Trying to load font information for U+msb on input line 31.


(/usr/share/texlive/texmf-dist/tex/latex/amsfonts/umsb.fd
File: umsb.fd 2013/01/14 v3.01 AMS symbols B
) [1

{/var/lib/texmf/fonts/map/pdftex/updmap/pdftex.map}] (./main.toc
LaTeX Info: Redefining \. on input line 1.
LaTeX Info: Redefining \% on input line 1.
)
\tf@toc=\write5
\openout5 = `main.toc'.

 [2] (./main.lof
LaTeX Info: Redefining \. on input line 1.
LaTeX Info: Redefining \% on input line 1.
)
\tf@lof=\write6
\openout6 = `main.lof'.

 [3]
(./main.lot
LaTeX Info: Redefining \. on input line 1.
LaTeX Info: Redefining \% on input line 1.
)
\tf@lot=\write7
\openout7 = `main.lot'.

 [4] [1] (./2_Nota_te_rica.tex
Underfull \hbox (badness 10000) in paragraph at lines 24--25
[]\OT1/cmr/m/n/12 21 in-ter-fa-ces de co-mu-ni-ca-cio-
 []


Underfull \hbox (badness 6016) in paragraph at lines 33--34
[]\OT1/cmr/m/n/12 17 ti-mers: 12 ti-mers de 16bit, 2
 []

<Imagenes/1.png, id=104, 476.78125pt x 624.3325pt>
File: Imagenes/1.png Graphic file (type png)
<use Imagenes/1.png>
Package pdftex.def Info: Imagenes/1.png  used on input line 41.
(pdftex.def)             Requested size: 266.03474pt x 348.38536pt.
[2]
<Imagenes/2.png, id=114, 471.7625pt x 454.69875pt>
File: Imagenes/2.png Graphic file (type png)
<use Imagenes/2.png>
Package pdftex.def Info: Imagenes/2.png  used on input line 49.
(pdftex.def)             Requested size: 266.03474pt x 256.41266pt.
<Imagenes/3.png, id=116, 694.595pt x 367.3725pt>
File: Imagenes/3.png Graphic file (type png)
<use Imagenes/3.png>
Package pdftex.def Info: Imagenes/3.png  used on input line 57.
(pdftex.def)             Requested size: 266.03474pt x 140.7073pt.
 [3pdfTeX warning (ext4): destination with the same identifier (name{figure.1})
 has been already used, duplicate ignored
<argument> ...shipout:D \box_use:N \l_shipout_box 
                                                  \__shipout_drop_firstpage_...
l.60 \end{figure}
                 pdfTeX warning (ext4): destination with the same identifier (n
ame{figure.2}) has been already used, duplicate ignored
<argument> ...shipout:D \box_use:N \l_shipout_box 
                                                  \__shipout_drop_firstpage_...
l.60 \end{figure}
                  <./Imagenes/1.png> <./Imagenes/2.png>]
<Imagenes/4.png, id=124, 782.925pt x 393.47pt>
File: Imagenes/4.png Graphic file (type png)
<use Imagenes/4.png>
Package pdftex.def Info: Imagenes/4.png  used on input line 64.
(pdftex.def)             Requested size: 266.03474pt x 133.69997pt.
<Imagenes/k1.png, id=126, 699.61375pt x 303.1325pt>
File: Imagenes/k1.png Graphic file (type png)
<use Imagenes/k1.png>
Package pdftex.def Info: Imagenes/k1.png  used on input line 77.
(pdftex.def)             Requested size: 338.58632pt x 146.70456pt.
<Imagenes/k2.png, id=129, 693.59125pt x 244.915pt>
File: Imagenes/k2.png Graphic file (type png)
<use Imagenes/k2.png>
Package pdftex.def Info: Imagenes/k2.png  used on input line 84.
(pdftex.def)             Requested size: 338.58632pt x 119.56093pt.
 [4pdfTeX warning (ext4): destination with the same identifier (name{figure.3})
 has been already used, duplicate ignored
<argument> ...shipout:D \box_use:N \l_shipout_box 
                                                  \__shipout_drop_firstpage_...
l.88     P
          ara la lectura de los ejes, se utilizan los siguientes registros, ...
pdfTeX warning (ext4): destination with the same identifier (name{figure.4}) ha
s been already used, duplicate ignored
<argument> ...shipout:D \box_use:N \l_shipout_box 
                                                  \__shipout_drop_firstpage_...
l.88     P
          ara la lectura de los ejes, se utilizan los siguientes registros, ...
pdfTeX warning (ext4): destination with the same identifier (name{figure.5}) ha
s been already used, duplicate ignored
<argument> ...shipout:D \box_use:N \l_shipout_box 
                                                  \__shipout_drop_firstpage_...
l.88     P
          ara la lectura de los ejes, se utilizan los siguientes registros, ...
 <./Imagenes/3.png> <./Imagenes/4.png> <./Imagenes/k1.png>]
<Imagenes/k3.png, id=138, 788.9475pt x 601.24625pt>
File: Imagenes/k3.png Graphic file (type png)
<use Imagenes/k3.png>
Package pdftex.def Info: Imagenes/k3.png  used on input line 95.
(pdftex.def)             Requested size: 338.58632pt x 258.02626pt.
 [5pdfTeX warning (ext4): destination with the same identifier (name{figure.6})
 has been already used, duplicate ignored
<argument> ...shipout:D \box_use:N \l_shipout_box 
                                                  \__shipout_drop_firstpage_...
l.106 \item $
             R_2 = \SI{1.8}{\kilo\ohm}$pdfTeX warning (ext4): destination with 
the same identifier (name{figure.7}) has been already used, duplicate ignored
<argument> ...shipout:D \box_use:N \l_shipout_box 
                                                  \__shipout_drop_firstpage_...
l.106 \item $
             R_2 = \SI{1.8}{\kilo\ohm}$ <./Imagenes/k2.png> <./Imagenes/k3.png>
] (./sch1.tex) [6pdfTeX warning (ext4): destination with the same identifier (n
ame{table.1}) has been already used, duplicate ignored
<argument> ...shipout:D \box_use:N \l_shipout_box 
                                                  \__shipout_drop_firstpage_...
l.141 C
       abe mencionar que, los componentes externos para el sismografo fueron...
] [7pdfTeX warning (ext4): destination with the same identifier (name{figure.8}
) has been already used, duplicate ignored
<argument> ...shipout:D \box_use:N \l_shipout_box 
                                                  \__shipout_drop_firstpage_...
l.142 \newpage
              ]) (./Desarrollo_Analisis.tex
<Imagenes/5.png, id=171, 308.15125pt x 361.35pt>
File: Imagenes/5.png Graphic file (type png)
<use Imagenes/5.png>
Package pdftex.def Info: Imagenes/5.png  used on input line 6.
(pdftex.def)             Requested size: 266.03474pt x 311.98451pt.
<Imagenes/6.jpeg, id=172, 1606.0pt x 1204.5pt>
File: Imagenes/6.jpeg Graphic file (type jpg)
<use Imagenes/6.jpeg>
Package pdftex.def Info: Imagenes/6.jpeg  used on input line 14.
(pdftex.def)             Requested size: 266.03474pt x 199.52423pt.
 [8pdfTeX warning (ext4): destination with the same identifier (name{figure.9})
 has been already used, duplicate ignored
<argument> ...shipout:D \box_use:N \l_shipout_box 
                                                  \__shipout_drop_firstpage_...
l.18 E
      sta tensión eléctrica es la que recibirá la placa por medio del pin...
 <./Imagenes/5.png>]
<Imagenes/7.png, id=177, 1097.09875pt x 1090.0725pt>
File: Imagenes/7.png Graphic file (type png)
<use Imagenes/7.png>
Package pdftex.def Info: Imagenes/7.png  used on input line 21.
(pdftex.def)             Requested size: 266.03474pt x 264.3173pt.
<Imagenes/8.png, id=178, 1170.3725pt x 1099.10625pt>
File: Imagenes/8.png Graphic file (type png)
<use Imagenes/8.png>
Package pdftex.def Info: Imagenes/8.png  used on input line 28.
(pdftex.def)             Requested size: 266.03474pt x 249.83742pt.
 [9pdfTeX warning (ext4): destination with the same identifier (name{figure.10}
) has been already used, duplicate ignored
<argument> ...shipout:D \box_use:N \l_shipout_box 
                                                  \__shipout_drop_firstpage_...
l.32 N
      ote que el LED \texttt{PG14} no se enciende, lo cual esta correctament...
pdfTeX warning (ext4): destination with the same identifier (name{figure.11}) h
as been already used, duplicate ignored
<argument> ...shipout:D \box_use:N \l_shipout_box 
                                                  \__shipout_drop_firstpage_...
l.32 N
      ote que el LED \texttt{PG14} no se enciende, lo cual esta correctament...
 <./Imagenes/6.jpeg> <./Imagenes/7.png>]
<Imagenes/k4.png, id=185, 1118.9805pt x 395.076pt>
File: Imagenes/k4.png Graphic file (type png)
<use Imagenes/k4.png>
Package pdftex.def Info: Imagenes/k4.png  used on input line 39.
(pdftex.def)             Requested size: 338.58632pt x 119.5425pt.

Underfull \hbox (badness 10000) in paragraph at lines 42--43

 []

<Imagenes/k5.png, id=186, 501.072pt x 332.442pt>
File: Imagenes/k5.png Graphic file (type png)
<use Imagenes/k5.png>
Package pdftex.def Info: Imagenes/k5.png  used on input line 47.
(pdftex.def)             Requested size: 338.58632pt x 224.64229pt.
[10pdfTeX warning (ext4): destination with the same identifier (name{figure.12}
) has been already used, duplicate ignored
<argument> ...shipout:D \box_use:N \l_shipout_box 
                                                  \__shipout_drop_firstpage_...
l.49 \end{figure}
                 pdfTeX warning (ext4): destination with the same identifier (n
ame{figure.13}) has been already used, duplicate ignored
<argument> ...shipout:D \box_use:N \l_shipout_box 
                                                  \__shipout_drop_firstpage_...
l.49 \end{figure}
                  <./Imagenes/8.png> <./Imagenes/k4.png>]
<Imagenes/k6.jpg, id=193, 4175.6pt x 3131.7pt>
File: Imagenes/k6.jpg Graphic file (type jpg)
<use Imagenes/k6.jpg>
Package pdftex.def Info: Imagenes/k6.jpg  used on input line 54.
(pdftex.def)             Requested size: 338.58632pt x 253.93391pt.

Underfull \hbox (badness 10000) in paragraph at lines 57--58

 []

[11pdfTeX warning (ext4): destination with the same identifier (name{figure.14}
) has been already used, duplicate ignored
<argument> ...shipout:D \box_use:N \l_shipout_box 
                                                  \__shipout_drop_firstpage_...
l.60 \newpage
             pdfTeX warning (ext4): destination with the same identifier (name{
figure.15}) has been already used, duplicate ignored
<argument> ...shipout:D \box_use:N \l_shipout_box 
                                                  \__shipout_drop_firstpage_...
l.60 \newpage
              <./Imagenes/k5.png> <./Imagenes/k6.jpg>] [12])
(./Conclusiones_recomendaciones.tex) [13] (./6_Bibliografia.tex (./main.bbl)
[14]) (./Apendices.tex
<./Documentos/stm32f429zi.pdf, id=217, 597.23125pt x 845.1575pt>
File: ./Documentos/stm32f429zi.pdf Graphic file (type pdf)
<use ./Documentos/stm32f429zi.pdf>
Package pdftex.def Info: ./Documentos/stm32f429zi.pdf  used on input line 7.
(pdftex.def)             Requested size: 597.22978pt x 845.15544pt.
File: ./Documentos/stm32f429zi.pdf Graphic file (type pdf)
<use ./Documentos/stm32f429zi.pdf>
Package pdftex.def Info: ./Documentos/stm32f429zi.pdf  used on input line 7.
(pdftex.def)             Requested size: 597.22978pt x 845.15544pt.
<./Documentos/stm32f429zi.pdf, id=220, page=1, 597.23125pt x 845.1575pt>
File: ./Documentos/stm32f429zi.pdf Graphic file (type pdf)
<use ./Documentos/stm32f429zi.pdf, page 1>
Package pdftex.def Info: ./Documentos/stm32f429zi.pdf , page1 used on input lin
e 7.
(pdftex.def)             Requested size: 597.22978pt x 845.15544pt.
File: ./Documentos/stm32f429zi.pdf Graphic file (type pdf)
<use ./Documentos/stm32f429zi.pdf, page 1>
Package pdftex.def Info: ./Documentos/stm32f429zi.pdf , page1 used on input lin
e 7.
(pdftex.def)             Requested size: 597.25711pt x 845.19412pt.
 [15]
File: ./Documentos/stm32f429zi.pdf Graphic file (type pdf)
<use ./Documentos/stm32f429zi.pdf, page 1>
Package pdftex.def Info: ./Documentos/stm32f429zi.pdf , page1 used on input lin
e 7.
(pdftex.def)             Requested size: 597.25711pt x 845.19412pt.
File: ./Documentos/stm32f429zi.pdf Graphic file (type pdf)
<use ./Documentos/stm32f429zi.pdf, page 1>
Package pdftex.def Info: ./Documentos/stm32f429zi.pdf , page1 used on input lin
e 7.
(pdftex.def)             Requested size: 597.25711pt x 845.19412pt.
File: ./Documentos/stm32f429zi.pdf Graphic file (type pdf)
<use ./Documentos/stm32f429zi.pdf, page 1>
Package pdftex.def Info: ./Documentos/stm32f429zi.pdf , page1 used on input lin
e 7.
(pdftex.def)             Requested size: 597.25711pt x 845.19412pt.
 [16 <./Documentos/stm32f429zi.pdf>]
File: ./Documentos/stm32f429zi.pdf Graphic file (type pdf)
<use ./Documentos/stm32f429zi.pdf>
Package pdftex.def Info: ./Documentos/stm32f429zi.pdf  used on input line 7.
(pdftex.def)             Requested size: 597.22978pt x 845.15544pt.
File: ./Documentos/stm32f429zi.pdf Graphic file (type pdf)
<use ./Documentos/stm32f429zi.pdf>
Package pdftex.def Info: ./Documentos/stm32f429zi.pdf  used on input line 7.
(pdftex.def)             Requested size: 597.22978pt x 845.15544pt.
<./Documentos/stm32f429zi.pdf, id=279, page=20, 597.23125pt x 845.1575pt>
File: ./Documentos/stm32f429zi.pdf Graphic file (type pdf)
<use ./Documentos/stm32f429zi.pdf, page 20>
Package pdftex.def Info: ./Documentos/stm32f429zi.pdf , page20 used on input li
ne 7.
(pdftex.def)             Requested size: 597.22978pt x 845.15544pt.
File: ./Documentos/stm32f429zi.pdf Graphic file (type pdf)
<use ./Documentos/stm32f429zi.pdf, page 20>
Package pdftex.def Info: ./Documentos/stm32f429zi.pdf , page20 used on input li
ne 7.
(pdftex.def)             Requested size: 597.25711pt x 845.19412pt.
File: ./Documentos/stm32f429zi.pdf Graphic file (type pdf)
<use ./Documentos/stm32f429zi.pdf, page 20>
Package pdftex.def Info: ./Documentos/stm32f429zi.pdf , page20 used on input li
ne 7.
(pdftex.def)             Requested size: 597.25711pt x 845.19412pt.
File: ./Documentos/stm32f429zi.pdf Graphic file (type pdf)
<use ./Documentos/stm32f429zi.pdf, page 20>
Package pdftex.def Info: ./Documentos/stm32f429zi.pdf , page20 used on input li
ne 7.
(pdftex.def)             Requested size: 597.25711pt x 845.19412pt.
File: ./Documentos/stm32f429zi.pdf Graphic file (type pdf)
<use ./Documentos/stm32f429zi.pdf, page 20>
Package pdftex.def Info: ./Documentos/stm32f429zi.pdf , page20 used on input li
ne 7.
(pdftex.def)             Requested size: 597.25711pt x 845.19412pt.
 [17 <./Documentos/stm32f429zi.pdf>]
File: ./Documentos/stm32f429zi.pdf Graphic file (type pdf)
<use ./Documentos/stm32f429zi.pdf>
Package pdftex.def Info: ./Documentos/stm32f429zi.pdf  used on input line 7.
(pdftex.def)             Requested size: 597.22978pt x 845.15544pt.
File: ./Documentos/stm32f429zi.pdf Graphic file (type pdf)
<use ./Documentos/stm32f429zi.pdf>
Package pdftex.def Info: ./Documentos/stm32f429zi.pdf  used on input line 7.
(pdftex.def)             Requested size: 597.22978pt x 845.15544pt.
<./Documentos/stm32f429zi.pdf, id=300, page=21, 597.23125pt x 845.1575pt>
File: ./Documentos/stm32f429zi.pdf Graphic file (type pdf)
<use ./Documentos/stm32f429zi.pdf, page 21>
Package pdftex.def Info: ./Documentos/stm32f429zi.pdf , page21 used on input li
ne 7.
(pdftex.def)             Requested size: 597.22978pt x 845.15544pt.
File: ./Documentos/stm32f429zi.pdf Graphic file (type pdf)
<use ./Documentos/stm32f429zi.pdf, page 21>
Package pdftex.def Info: ./Documentos/stm32f429zi.pdf , page21 used on input li
ne 7.
(pdftex.def)             Requested size: 597.25711pt x 845.19412pt.
File: ./Documentos/stm32f429zi.pdf Graphic file (type pdf)
<use ./Documentos/stm32f429zi.pdf, page 21>
Package pdftex.def Info: ./Documentos/stm32f429zi.pdf , page21 used on input li
ne 7.
(pdftex.def)             Requested size: 597.25711pt x 845.19412pt.
File: ./Documentos/stm32f429zi.pdf Graphic file (type pdf)
<use ./Documentos/stm32f429zi.pdf, page 21>
Package pdftex.def Info: ./Documentos/stm32f429zi.pdf , page21 used on input li
ne 7.
(pdftex.def)             Requested size: 597.25711pt x 845.19412pt.
File: ./Documentos/stm32f429zi.pdf Graphic file (type pdf)
<use ./Documentos/stm32f429zi.pdf, page 21>
Package pdftex.def Info: ./Documentos/stm32f429zi.pdf , page21 used on input li
ne 7.
(pdftex.def)             Requested size: 597.25711pt x 845.19412pt.
 [18 <./Documentos/stm32f429zi.pdf>]
File: ./Documentos/stm32f429zi.pdf Graphic file (type pdf)
<use ./Documentos/stm32f429zi.pdf>
Package pdftex.def Info: ./Documentos/stm32f429zi.pdf  used on input line 7.
(pdftex.def)             Requested size: 597.22978pt x 845.15544pt.
File: ./Documentos/stm32f429zi.pdf Graphic file (type pdf)
<use ./Documentos/stm32f429zi.pdf>
Package pdftex.def Info: ./Documentos/stm32f429zi.pdf  used on input line 7.
(pdftex.def)             Requested size: 597.22978pt x 845.15544pt.
<./Documentos/stm32f429zi.pdf, id=310, page=22, 597.23125pt x 845.1575pt>
File: ./Documentos/stm32f429zi.pdf Graphic file (type pdf)
<use ./Documentos/stm32f429zi.pdf, page 22>
Package pdftex.def Info: ./Documentos/stm32f429zi.pdf , page22 used on input li
ne 7.
(pdftex.def)             Requested size: 597.22978pt x 845.15544pt.
File: ./Documentos/stm32f429zi.pdf Graphic file (type pdf)
<use ./Documentos/stm32f429zi.pdf, page 22>
Package pdftex.def Info: ./Documentos/stm32f429zi.pdf , page22 used on input li
ne 7.
(pdftex.def)             Requested size: 597.25711pt x 845.19412pt.
File: ./Documentos/stm32f429zi.pdf Graphic file (type pdf)
<use ./Documentos/stm32f429zi.pdf, page 22>
Package pdftex.def Info: ./Documentos/stm32f429zi.pdf , page22 used on input li
ne 7.
(pdftex.def)             Requested size: 597.25711pt x 845.19412pt.
File: ./Documentos/stm32f429zi.pdf Graphic file (type pdf)
<use ./Documentos/stm32f429zi.pdf, page 22>
Package pdftex.def Info: ./Documentos/stm32f429zi.pdf , page22 used on input li
ne 7.
(pdftex.def)             Requested size: 597.25711pt x 845.19412pt.
File: ./Documentos/stm32f429zi.pdf Graphic file (type pdf)
<use ./Documentos/stm32f429zi.pdf, page 22>
Package pdftex.def Info: ./Documentos/stm32f429zi.pdf , page22 used on input li
ne 7.
(pdftex.def)             Requested size: 597.25711pt x 845.19412pt.
 [19 <./Documentos/stm32f429zi.pdf>]
File: ./Documentos/stm32f429zi.pdf Graphic file (type pdf)
<use ./Documentos/stm32f429zi.pdf>
Package pdftex.def Info: ./Documentos/stm32f429zi.pdf  used on input line 7.
(pdftex.def)             Requested size: 597.22978pt x 845.15544pt.
File: ./Documentos/stm32f429zi.pdf Graphic file (type pdf)
<use ./Documentos/stm32f429zi.pdf>
Package pdftex.def Info: ./Documentos/stm32f429zi.pdf  used on input line 7.
(pdftex.def)             Requested size: 597.22978pt x 845.15544pt.
<./Documentos/stm32f429zi.pdf, id=319, page=35, 597.23125pt x 845.1575pt>
File: ./Documentos/stm32f429zi.pdf Graphic file (type pdf)
<use ./Documentos/stm32f429zi.pdf, page 35>
Package pdftex.def Info: ./Documentos/stm32f429zi.pdf , page35 used on input li
ne 7.
(pdftex.def)             Requested size: 597.22978pt x 845.15544pt.
File: ./Documentos/stm32f429zi.pdf Graphic file (type pdf)
<use ./Documentos/stm32f429zi.pdf, page 35>
Package pdftex.def Info: ./Documentos/stm32f429zi.pdf , page35 used on input li
ne 7.
(pdftex.def)             Requested size: 597.25711pt x 845.19412pt.
File: ./Documentos/stm32f429zi.pdf Graphic file (type pdf)
<use ./Documentos/stm32f429zi.pdf, page 35>
Package pdftex.def Info: ./Documentos/stm32f429zi.pdf , page35 used on input li
ne 7.
(pdftex.def)             Requested size: 597.25711pt x 845.19412pt.
File: ./Documentos/stm32f429zi.pdf Graphic file (type pdf)
<use ./Documentos/stm32f429zi.pdf, page 35>
Package pdftex.def Info: ./Documentos/stm32f429zi.pdf , page35 used on input li
ne 7.
(pdftex.def)             Requested size: 597.25711pt x 845.19412pt.
File: ./Documentos/stm32f429zi.pdf Graphic file (type pdf)
<use ./Documentos/stm32f429zi.pdf, page 35>
Package pdftex.def Info: ./Documentos/stm32f429zi.pdf , page35 used on input li
ne 7.
(pdftex.def)             Requested size: 597.25711pt x 845.19412pt.
 [20 <./Documentos/stm32f429zi.pdf>]
File: ./Documentos/stm32f429zi.pdf Graphic file (type pdf)
<use ./Documentos/stm32f429zi.pdf>
Package pdftex.def Info: ./Documentos/stm32f429zi.pdf  used on input line 7.
(pdftex.def)             Requested size: 597.22978pt x 845.15544pt.
File: ./Documentos/stm32f429zi.pdf Graphic file (type pdf)
<use ./Documentos/stm32f429zi.pdf>
Package pdftex.def Info: ./Documentos/stm32f429zi.pdf  used on input line 7.
(pdftex.def)             Requested size: 597.22978pt x 845.15544pt.
<./Documentos/stm32f429zi.pdf, id=328, page=36, 597.23125pt x 845.1575pt>
File: ./Documentos/stm32f429zi.pdf Graphic file (type pdf)
<use ./Documentos/stm32f429zi.pdf, page 36>
Package pdftex.def Info: ./Documentos/stm32f429zi.pdf , page36 used on input li
ne 7.
(pdftex.def)             Requested size: 597.22978pt x 845.15544pt.
File: ./Documentos/stm32f429zi.pdf Graphic file (type pdf)
<use ./Documentos/stm32f429zi.pdf, page 36>
Package pdftex.def Info: ./Documentos/stm32f429zi.pdf , page36 used on input li
ne 7.
(pdftex.def)             Requested size: 597.25711pt x 845.19412pt.
File: ./Documentos/stm32f429zi.pdf Graphic file (type pdf)
<use ./Documentos/stm32f429zi.pdf, page 36>
Package pdftex.def Info: ./Documentos/stm32f429zi.pdf , page36 used on input li
ne 7.
(pdftex.def)             Requested size: 597.25711pt x 845.19412pt.
File: ./Documentos/stm32f429zi.pdf Graphic file (type pdf)
<use ./Documentos/stm32f429zi.pdf, page 36>
Package pdftex.def Info: ./Documentos/stm32f429zi.pdf , page36 used on input li
ne 7.
(pdftex.def)             Requested size: 597.25711pt x 845.19412pt.
File: ./Documentos/stm32f429zi.pdf Graphic file (type pdf)
<use ./Documentos/stm32f429zi.pdf, page 36>
Package pdftex.def Info: ./Documentos/stm32f429zi.pdf , page36 used on input li
ne 7.
(pdftex.def)             Requested size: 597.25711pt x 845.19412pt.
 [21 <./Documentos/stm32f429zi.pdf>]
File: ./Documentos/stm32f429zi.pdf Graphic file (type pdf)
<use ./Documentos/stm32f429zi.pdf>
Package pdftex.def Info: ./Documentos/stm32f429zi.pdf  used on input line 7.
(pdftex.def)             Requested size: 597.22978pt x 845.15544pt.
File: ./Documentos/stm32f429zi.pdf Graphic file (type pdf)
<use ./Documentos/stm32f429zi.pdf>
Package pdftex.def Info: ./Documentos/stm32f429zi.pdf  used on input line 7.
(pdftex.def)             Requested size: 597.22978pt x 845.15544pt.
<./Documentos/stm32f429zi.pdf, id=338, page=43, 597.23125pt x 845.1575pt>
File: ./Documentos/stm32f429zi.pdf Graphic file (type pdf)
<use ./Documentos/stm32f429zi.pdf, page 43>
Package pdftex.def Info: ./Documentos/stm32f429zi.pdf , page43 used on input li
ne 7.
(pdftex.def)             Requested size: 597.22978pt x 845.15544pt.
File: ./Documentos/stm32f429zi.pdf Graphic file (type pdf)
<use ./Documentos/stm32f429zi.pdf, page 43>
Package pdftex.def Info: ./Documentos/stm32f429zi.pdf , page43 used on input li
ne 7.
(pdftex.def)             Requested size: 597.25711pt x 845.19412pt.
File: ./Documentos/stm32f429zi.pdf Graphic file (type pdf)
<use ./Documentos/stm32f429zi.pdf, page 43>
Package pdftex.def Info: ./Documentos/stm32f429zi.pdf , page43 used on input li
ne 7.
(pdftex.def)             Requested size: 597.25711pt x 845.19412pt.
File: ./Documentos/stm32f429zi.pdf Graphic file (type pdf)
<use ./Documentos/stm32f429zi.pdf, page 43>
Package pdftex.def Info: ./Documentos/stm32f429zi.pdf , page43 used on input li
ne 7.
(pdftex.def)             Requested size: 597.25711pt x 845.19412pt.
File: ./Documentos/stm32f429zi.pdf Graphic file (type pdf)
<use ./Documentos/stm32f429zi.pdf, page 43>
Package pdftex.def Info: ./Documentos/stm32f429zi.pdf , page43 used on input li
ne 7.
(pdftex.def)             Requested size: 597.25711pt x 845.19412pt.
 [22 <./Documentos/stm32f429zi.pdf>]
File: ./Documentos/stm32f429zi.pdf Graphic file (type pdf)
<use ./Documentos/stm32f429zi.pdf>
Package pdftex.def Info: ./Documentos/stm32f429zi.pdf  used on input line 7.
(pdftex.def)             Requested size: 597.22978pt x 845.15544pt.
File: ./Documentos/stm32f429zi.pdf Graphic file (type pdf)
<use ./Documentos/stm32f429zi.pdf>
Package pdftex.def Info: ./Documentos/stm32f429zi.pdf  used on input line 7.
(pdftex.def)             Requested size: 597.22978pt x 845.15544pt.
<./Documentos/stm32f429zi.pdf, id=347, page=45, 597.23125pt x 845.1575pt>
File: ./Documentos/stm32f429zi.pdf Graphic file (type pdf)
<use ./Documentos/stm32f429zi.pdf, page 45>
Package pdftex.def Info: ./Documentos/stm32f429zi.pdf , page45 used on input li
ne 7.
(pdftex.def)             Requested size: 597.22978pt x 845.15544pt.
File: ./Documentos/stm32f429zi.pdf Graphic file (type pdf)
<use ./Documentos/stm32f429zi.pdf, page 45>
Package pdftex.def Info: ./Documentos/stm32f429zi.pdf , page45 used on input li
ne 7.
(pdftex.def)             Requested size: 597.25711pt x 845.19412pt.
File: ./Documentos/stm32f429zi.pdf Graphic file (type pdf)
<use ./Documentos/stm32f429zi.pdf, page 45>
Package pdftex.def Info: ./Documentos/stm32f429zi.pdf , page45 used on input li
ne 7.
(pdftex.def)             Requested size: 597.25711pt x 845.19412pt.
File: ./Documentos/stm32f429zi.pdf Graphic file (type pdf)
<use ./Documentos/stm32f429zi.pdf, page 45>
Package pdftex.def Info: ./Documentos/stm32f429zi.pdf , page45 used on input li
ne 7.
(pdftex.def)             Requested size: 597.25711pt x 845.19412pt.
File: ./Documentos/stm32f429zi.pdf Graphic file (type pdf)
<use ./Documentos/stm32f429zi.pdf, page 45>
Package pdftex.def Info: ./Documentos/stm32f429zi.pdf , page45 used on input li
ne 7.
(pdftex.def)             Requested size: 597.25711pt x 845.19412pt.
 [23 <./Documentos/stm32f429zi.pdf>]
File: ./Documentos/stm32f429zi.pdf Graphic file (type pdf)
<use ./Documentos/stm32f429zi.pdf>
Package pdftex.def Info: ./Documentos/stm32f429zi.pdf  used on input line 7.
(pdftex.def)             Requested size: 597.22978pt x 845.15544pt.
File: ./Documentos/stm32f429zi.pdf Graphic file (type pdf)
<use ./Documentos/stm32f429zi.pdf>
Package pdftex.def Info: ./Documentos/stm32f429zi.pdf  used on input line 7.
(pdftex.def)             Requested size: 597.22978pt x 845.15544pt.
<./Documentos/stm32f429zi.pdf, id=358, page=53, 597.23125pt x 845.1575pt>
File: ./Documentos/stm32f429zi.pdf Graphic file (type pdf)
<use ./Documentos/stm32f429zi.pdf, page 53>
Package pdftex.def Info: ./Documentos/stm32f429zi.pdf , page53 used on input li
ne 7.
(pdftex.def)             Requested size: 597.22978pt x 845.15544pt.
File: ./Documentos/stm32f429zi.pdf Graphic file (type pdf)
<use ./Documentos/stm32f429zi.pdf, page 53>
Package pdftex.def Info: ./Documentos/stm32f429zi.pdf , page53 used on input li
ne 7.
(pdftex.def)             Requested size: 597.25711pt x 845.19412pt.
File: ./Documentos/stm32f429zi.pdf Graphic file (type pdf)
<use ./Documentos/stm32f429zi.pdf, page 53>
Package pdftex.def Info: ./Documentos/stm32f429zi.pdf , page53 used on input li
ne 7.
(pdftex.def)             Requested size: 597.25711pt x 845.19412pt.
File: ./Documentos/stm32f429zi.pdf Graphic file (type pdf)
<use ./Documentos/stm32f429zi.pdf, page 53>
Package pdftex.def Info: ./Documentos/stm32f429zi.pdf , page53 used on input li
ne 7.
(pdftex.def)             Requested size: 597.25711pt x 845.19412pt.
File: ./Documentos/stm32f429zi.pdf Graphic file (type pdf)
<use ./Documentos/stm32f429zi.pdf, page 53>
Package pdftex.def Info: ./Documentos/stm32f429zi.pdf , page53 used on input li
ne 7.
(pdftex.def)             Requested size: 597.25711pt x 845.19412pt.

[24 <./Documentos/stm32f429zi.pdf>]
<./Documentos/stm32f429zi.pdf, id=365, page=54, 597.23125pt x 845.1575pt>
File: ./Documentos/stm32f429zi.pdf Graphic file (type pdf)
<use ./Documentos/stm32f429zi.pdf, page 54>
Package pdftex.def Info: ./Documentos/stm32f429zi.pdf , page54 used on input li
ne 7.
(pdftex.def)             Requested size: 597.25711pt x 845.19412pt.
File: ./Documentos/stm32f429zi.pdf Graphic file (type pdf)
<use ./Documentos/stm32f429zi.pdf, page 54>
Package pdftex.def Info: ./Documentos/stm32f429zi.pdf , page54 used on input li
ne 7.
(pdftex.def)             Requested size: 597.25711pt x 845.19412pt.
File: ./Documentos/stm32f429zi.pdf Graphic file (type pdf)
<use ./Documentos/stm32f429zi.pdf, page 54>
Package pdftex.def Info: ./Documentos/stm32f429zi.pdf , page54 used on input li
ne 7.
(pdftex.def)             Requested size: 597.25711pt x 845.19412pt.
 [25 <./Documentos/stm32f429zi.pdf>]
<./Documentos/stm32f429zi.pdf, id=372, page=55, 597.23125pt x 845.1575pt>
File: ./Documentos/stm32f429zi.pdf Graphic file (type pdf)
<use ./Documentos/stm32f429zi.pdf, page 55>
Package pdftex.def Info: ./Documentos/stm32f429zi.pdf , page55 used on input li
ne 7.
(pdftex.def)             Requested size: 597.25711pt x 845.19412pt.
File: ./Documentos/stm32f429zi.pdf Graphic file (type pdf)
<use ./Documentos/stm32f429zi.pdf, page 55>
Package pdftex.def Info: ./Documentos/stm32f429zi.pdf , page55 used on input li
ne 7.
(pdftex.def)             Requested size: 597.25711pt x 845.19412pt.
File: ./Documentos/stm32f429zi.pdf Graphic file (type pdf)
<use ./Documentos/stm32f429zi.pdf, page 55>
Package pdftex.def Info: ./Documentos/stm32f429zi.pdf , page55 used on input li
ne 7.
(pdftex.def)             Requested size: 597.25711pt x 845.19412pt.

[26 <./Documentos/stm32f429zi.pdf>]
<./Documentos/stm32f429zi.pdf, id=379, page=56, 597.23125pt x 845.1575pt>
File: ./Documentos/stm32f429zi.pdf Graphic file (type pdf)
<use ./Documentos/stm32f429zi.pdf, page 56>
Package pdftex.def Info: ./Documentos/stm32f429zi.pdf , page56 used on input li
ne 7.
(pdftex.def)             Requested size: 597.25711pt x 845.19412pt.
File: ./Documentos/stm32f429zi.pdf Graphic file (type pdf)
<use ./Documentos/stm32f429zi.pdf, page 56>
Package pdftex.def Info: ./Documentos/stm32f429zi.pdf , page56 used on input li
ne 7.
(pdftex.def)             Requested size: 597.25711pt x 845.19412pt.
File: ./Documentos/stm32f429zi.pdf Graphic file (type pdf)
<use ./Documentos/stm32f429zi.pdf, page 56>
Package pdftex.def Info: ./Documentos/stm32f429zi.pdf , page56 used on input li
ne 7.
(pdftex.def)             Requested size: 597.25711pt x 845.19412pt.
 [27 <./Documentos/stm32f429zi.pdf>]
<./Documentos/stm32f429zi.pdf, id=387, page=57, 597.23125pt x 845.1575pt>
File: ./Documentos/stm32f429zi.pdf Graphic file (type pdf)
<use ./Documentos/stm32f429zi.pdf, page 57>
Package pdftex.def Info: ./Documentos/stm32f429zi.pdf , page57 used on input li
ne 7.
(pdftex.def)             Requested size: 597.25711pt x 845.19412pt.
File: ./Documentos/stm32f429zi.pdf Graphic file (type pdf)
<use ./Documentos/stm32f429zi.pdf, page 57>
Package pdftex.def Info: ./Documentos/stm32f429zi.pdf , page57 used on input li
ne 7.
(pdftex.def)             Requested size: 597.25711pt x 845.19412pt.
File: ./Documentos/stm32f429zi.pdf Graphic file (type pdf)
<use ./Documentos/stm32f429zi.pdf, page 57>
Package pdftex.def Info: ./Documentos/stm32f429zi.pdf , page57 used on input li
ne 7.
(pdftex.def)             Requested size: 597.25711pt x 845.19412pt.

[28 <./Documentos/stm32f429zi.pdf>]
<./Documentos/stm32f429zi.pdf, id=394, page=58, 597.23125pt x 845.1575pt>
File: ./Documentos/stm32f429zi.pdf Graphic file (type pdf)
<use ./Documentos/stm32f429zi.pdf, page 58>
Package pdftex.def Info: ./Documentos/stm32f429zi.pdf , page58 used on input li
ne 7.
(pdftex.def)             Requested size: 597.25711pt x 845.19412pt.
File: ./Documentos/stm32f429zi.pdf Graphic file (type pdf)
<use ./Documentos/stm32f429zi.pdf, page 58>
Package pdftex.def Info: ./Documentos/stm32f429zi.pdf , page58 used on input li
ne 7.
(pdftex.def)             Requested size: 597.25711pt x 845.19412pt.
File: ./Documentos/stm32f429zi.pdf Graphic file (type pdf)
<use ./Documentos/stm32f429zi.pdf, page 58>
Package pdftex.def Info: ./Documentos/stm32f429zi.pdf , page58 used on input li
ne 7.
(pdftex.def)             Requested size: 597.25711pt x 845.19412pt.
 [29 <./Documentos/stm32f429zi.pdf>]
<./Documentos/stm32f429zi.pdf, id=401, page=59, 597.23125pt x 845.1575pt>
File: ./Documentos/stm32f429zi.pdf Graphic file (type pdf)
<use ./Documentos/stm32f429zi.pdf, page 59>
Package pdftex.def Info: ./Documentos/stm32f429zi.pdf , page59 used on input li
ne 7.
(pdftex.def)             Requested size: 597.25711pt x 845.19412pt.
File: ./Documentos/stm32f429zi.pdf Graphic file (type pdf)
<use ./Documentos/stm32f429zi.pdf, page 59>
Package pdftex.def Info: ./Documentos/stm32f429zi.pdf , page59 used on input li
ne 7.
(pdftex.def)             Requested size: 597.25711pt x 845.19412pt.
File: ./Documentos/stm32f429zi.pdf Graphic file (type pdf)
<use ./Documentos/stm32f429zi.pdf, page 59>
Package pdftex.def Info: ./Documentos/stm32f429zi.pdf , page59 used on input li
ne 7.
(pdftex.def)             Requested size: 597.25711pt x 845.19412pt.

[30 <./Documentos/stm32f429zi.pdf>]
<./Documentos/stm32f429zi.pdf, id=408, page=60, 597.23125pt x 845.1575pt>
File: ./Documentos/stm32f429zi.pdf Graphic file (type pdf)
<use ./Documentos/stm32f429zi.pdf, page 60>
Package pdftex.def Info: ./Documentos/stm32f429zi.pdf , page60 used on input li
ne 7.
(pdftex.def)             Requested size: 597.25711pt x 845.19412pt.
File: ./Documentos/stm32f429zi.pdf Graphic file (type pdf)
<use ./Documentos/stm32f429zi.pdf, page 60>
Package pdftex.def Info: ./Documentos/stm32f429zi.pdf , page60 used on input li
ne 7.
(pdftex.def)             Requested size: 597.25711pt x 845.19412pt.
File: ./Documentos/stm32f429zi.pdf Graphic file (type pdf)
<use ./Documentos/stm32f429zi.pdf, page 60>
Package pdftex.def Info: ./Documentos/stm32f429zi.pdf , page60 used on input li
ne 7.
(pdftex.def)             Requested size: 597.25711pt x 845.19412pt.
 [31 <./Documentos/stm32f429zi.pdf>]
<./Documentos/stm32f429zi.pdf, id=415, page=61, 597.23125pt x 845.1575pt>
File: ./Documentos/stm32f429zi.pdf Graphic file (type pdf)
<use ./Documentos/stm32f429zi.pdf, page 61>
Package pdftex.def Info: ./Documentos/stm32f429zi.pdf , page61 used on input li
ne 7.
(pdftex.def)             Requested size: 597.25711pt x 845.19412pt.
File: ./Documentos/stm32f429zi.pdf Graphic file (type pdf)
<use ./Documentos/stm32f429zi.pdf, page 61>
Package pdftex.def Info: ./Documentos/stm32f429zi.pdf , page61 used on input li
ne 7.
(pdftex.def)             Requested size: 597.25711pt x 845.19412pt.
File: ./Documentos/stm32f429zi.pdf Graphic file (type pdf)
<use ./Documentos/stm32f429zi.pdf, page 61>
Package pdftex.def Info: ./Documentos/stm32f429zi.pdf , page61 used on input li
ne 7.
(pdftex.def)             Requested size: 597.25711pt x 845.19412pt.

[32 <./Documentos/stm32f429zi.pdf>]
<./Documentos/stm32f429zi.pdf, id=422, page=62, 597.23125pt x 845.1575pt>
File: ./Documentos/stm32f429zi.pdf Graphic file (type pdf)
<use ./Documentos/stm32f429zi.pdf, page 62>
Package pdftex.def Info: ./Documentos/stm32f429zi.pdf , page62 used on input li
ne 7.
(pdftex.def)             Requested size: 597.25711pt x 845.19412pt.
File: ./Documentos/stm32f429zi.pdf Graphic file (type pdf)
<use ./Documentos/stm32f429zi.pdf, page 62>
Package pdftex.def Info: ./Documentos/stm32f429zi.pdf , page62 used on input li
ne 7.
(pdftex.def)             Requested size: 597.25711pt x 845.19412pt.
File: ./Documentos/stm32f429zi.pdf Graphic file (type pdf)
<use ./Documentos/stm32f429zi.pdf, page 62>
Package pdftex.def Info: ./Documentos/stm32f429zi.pdf , page62 used on input li
ne 7.
(pdftex.def)             Requested size: 597.25711pt x 845.19412pt.
 [33 <./Documentos/stm32f429zi.pdf>]
<./Documentos/stm32f429zi.pdf, id=430, page=63, 597.23125pt x 845.1575pt>
File: ./Documentos/stm32f429zi.pdf Graphic file (type pdf)
<use ./Documentos/stm32f429zi.pdf, page 63>
Package pdftex.def Info: ./Documentos/stm32f429zi.pdf , page63 used on input li
ne 7.
(pdftex.def)             Requested size: 597.25711pt x 845.19412pt.
File: ./Documentos/stm32f429zi.pdf Graphic file (type pdf)
<use ./Documentos/stm32f429zi.pdf, page 63>
Package pdftex.def Info: ./Documentos/stm32f429zi.pdf , page63 used on input li
ne 7.
(pdftex.def)             Requested size: 597.25711pt x 845.19412pt.
File: ./Documentos/stm32f429zi.pdf Graphic file (type pdf)
<use ./Documentos/stm32f429zi.pdf, page 63>
Package pdftex.def Info: ./Documentos/stm32f429zi.pdf , page63 used on input li
ne 7.
(pdftex.def)             Requested size: 597.25711pt x 845.19412pt.

[34 <./Documentos/stm32f429zi.pdf>]
<./Documentos/stm32f429zi.pdf, id=437, page=64, 597.23125pt x 845.1575pt>
File: ./Documentos/stm32f429zi.pdf Graphic file (type pdf)
<use ./Documentos/stm32f429zi.pdf, page 64>
Package pdftex.def Info: ./Documentos/stm32f429zi.pdf , page64 used on input li
ne 7.
(pdftex.def)             Requested size: 597.25711pt x 845.19412pt.
File: ./Documentos/stm32f429zi.pdf Graphic file (type pdf)
<use ./Documentos/stm32f429zi.pdf, page 64>
Package pdftex.def Info: ./Documentos/stm32f429zi.pdf , page64 used on input li
ne 7.
(pdftex.def)             Requested size: 597.25711pt x 845.19412pt.
File: ./Documentos/stm32f429zi.pdf Graphic file (type pdf)
<use ./Documentos/stm32f429zi.pdf, page 64>
Package pdftex.def Info: ./Documentos/stm32f429zi.pdf , page64 used on input li
ne 7.
(pdftex.def)             Requested size: 597.25711pt x 845.19412pt.
 [35 <./Documentos/stm32f429zi.pdf>]
<./Documentos/stm32f429zi.pdf, id=444, page=65, 597.23125pt x 845.1575pt>
File: ./Documentos/stm32f429zi.pdf Graphic file (type pdf)
<use ./Documentos/stm32f429zi.pdf, page 65>
Package pdftex.def Info: ./Documentos/stm32f429zi.pdf , page65 used on input li
ne 7.
(pdftex.def)             Requested size: 597.25711pt x 845.19412pt.
File: ./Documentos/stm32f429zi.pdf Graphic file (type pdf)
<use ./Documentos/stm32f429zi.pdf, page 65>
Package pdftex.def Info: ./Documentos/stm32f429zi.pdf , page65 used on input li
ne 7.
(pdftex.def)             Requested size: 597.25711pt x 845.19412pt.
File: ./Documentos/stm32f429zi.pdf Graphic file (type pdf)
<use ./Documentos/stm32f429zi.pdf, page 65>
Package pdftex.def Info: ./Documentos/stm32f429zi.pdf , page65 used on input li
ne 7.
(pdftex.def)             Requested size: 597.25711pt x 845.19412pt.

[36 <./Documentos/stm32f429zi.pdf>]
<./Documentos/stm32f429zi.pdf, id=451, page=66, 597.23125pt x 845.1575pt>
File: ./Documentos/stm32f429zi.pdf Graphic file (type pdf)
<use ./Documentos/stm32f429zi.pdf, page 66>
Package pdftex.def Info: ./Documentos/stm32f429zi.pdf , page66 used on input li
ne 7.
(pdftex.def)             Requested size: 597.25711pt x 845.19412pt.
File: ./Documentos/stm32f429zi.pdf Graphic file (type pdf)
<use ./Documentos/stm32f429zi.pdf, page 66>
Package pdftex.def Info: ./Documentos/stm32f429zi.pdf , page66 used on input li
ne 7.
(pdftex.def)             Requested size: 597.25711pt x 845.19412pt.
File: ./Documentos/stm32f429zi.pdf Graphic file (type pdf)
<use ./Documentos/stm32f429zi.pdf, page 66>
Package pdftex.def Info: ./Documentos/stm32f429zi.pdf , page66 used on input li
ne 7.
(pdftex.def)             Requested size: 597.25711pt x 845.19412pt.
 [37 <./Documentos/stm32f429zi.pdf>]
<./Documentos/stm32f429zi.pdf, id=458, page=67, 597.23125pt x 845.1575pt>
File: ./Documentos/stm32f429zi.pdf Graphic file (type pdf)
<use ./Documentos/stm32f429zi.pdf, page 67>
Package pdftex.def Info: ./Documentos/stm32f429zi.pdf , page67 used on input li
ne 7.
(pdftex.def)             Requested size: 597.25711pt x 845.19412pt.
File: ./Documentos/stm32f429zi.pdf Graphic file (type pdf)
<use ./Documentos/stm32f429zi.pdf, page 67>
Package pdftex.def Info: ./Documentos/stm32f429zi.pdf , page67 used on input li
ne 7.
(pdftex.def)             Requested size: 597.25711pt x 845.19412pt.
File: ./Documentos/stm32f429zi.pdf Graphic file (type pdf)
<use ./Documentos/stm32f429zi.pdf, page 67>
Package pdftex.def Info: ./Documentos/stm32f429zi.pdf , page67 used on input li
ne 7.
(pdftex.def)             Requested size: 597.25711pt x 845.19412pt.

[38 <./Documentos/stm32f429zi.pdf>]
<./Documentos/stm32f429zi.pdf, id=465, page=68, 597.23125pt x 845.1575pt>
File: ./Documentos/stm32f429zi.pdf Graphic file (type pdf)
<use ./Documentos/stm32f429zi.pdf, page 68>
Package pdftex.def Info: ./Documentos/stm32f429zi.pdf , page68 used on input li
ne 7.
(pdftex.def)             Requested size: 597.25711pt x 845.19412pt.
File: ./Documentos/stm32f429zi.pdf Graphic file (type pdf)
<use ./Documentos/stm32f429zi.pdf, page 68>
Package pdftex.def Info: ./Documentos/stm32f429zi.pdf , page68 used on input li
ne 7.
(pdftex.def)             Requested size: 597.25711pt x 845.19412pt.
File: ./Documentos/stm32f429zi.pdf Graphic file (type pdf)
<use ./Documentos/stm32f429zi.pdf, page 68>
Package pdftex.def Info: ./Documentos/stm32f429zi.pdf , page68 used on input li
ne 7.
(pdftex.def)             Requested size: 597.25711pt x 845.19412pt.
 [39 <./Documentos/stm32f429zi.pdf>]
<./Documentos/stm32f429zi.pdf, id=473, page=69, 597.23125pt x 845.1575pt>
File: ./Documentos/stm32f429zi.pdf Graphic file (type pdf)
<use ./Documentos/stm32f429zi.pdf, page 69>
Package pdftex.def Info: ./Documentos/stm32f429zi.pdf , page69 used on input li
ne 7.
(pdftex.def)             Requested size: 597.25711pt x 845.19412pt.
File: ./Documentos/stm32f429zi.pdf Graphic file (type pdf)
<use ./Documentos/stm32f429zi.pdf, page 69>
Package pdftex.def Info: ./Documentos/stm32f429zi.pdf , page69 used on input li
ne 7.
(pdftex.def)             Requested size: 597.25711pt x 845.19412pt.
File: ./Documentos/stm32f429zi.pdf Graphic file (type pdf)
<use ./Documentos/stm32f429zi.pdf, page 69>
Package pdftex.def Info: ./Documentos/stm32f429zi.pdf , page69 used on input li
ne 7.
(pdftex.def)             Requested size: 597.25711pt x 845.19412pt.

[40 <./Documentos/stm32f429zi.pdf>]
<./Documentos/stm32f429zi.pdf, id=480, page=70, 597.23125pt x 845.1575pt>
File: ./Documentos/stm32f429zi.pdf Graphic file (type pdf)
<use ./Documentos/stm32f429zi.pdf, page 70>
Package pdftex.def Info: ./Documentos/stm32f429zi.pdf , page70 used on input li
ne 7.
(pdftex.def)             Requested size: 597.25711pt x 845.19412pt.
File: ./Documentos/stm32f429zi.pdf Graphic file (type pdf)
<use ./Documentos/stm32f429zi.pdf, page 70>
Package pdftex.def Info: ./Documentos/stm32f429zi.pdf , page70 used on input li
ne 7.
(pdftex.def)             Requested size: 597.25711pt x 845.19412pt.
File: ./Documentos/stm32f429zi.pdf Graphic file (type pdf)
<use ./Documentos/stm32f429zi.pdf, page 70>
Package pdftex.def Info: ./Documentos/stm32f429zi.pdf , page70 used on input li
ne 7.
(pdftex.def)             Requested size: 597.25711pt x 845.19412pt.
 [41 <./Documentos/stm32f429zi.pdf>]
File: ./Documentos/stm32f429zi.pdf Graphic file (type pdf)
<use ./Documentos/stm32f429zi.pdf>
Package pdftex.def Info: ./Documentos/stm32f429zi.pdf  used on input line 7.
(pdftex.def)             Requested size: 597.22978pt x 845.15544pt.
File: ./Documentos/stm32f429zi.pdf Graphic file (type pdf)
<use ./Documentos/stm32f429zi.pdf>
Package pdftex.def Info: ./Documentos/stm32f429zi.pdf  used on input line 7.
(pdftex.def)             Requested size: 597.22978pt x 845.15544pt.
<./Documentos/stm32f429zi.pdf, id=489, page=93, 597.23125pt x 845.1575pt>
File: ./Documentos/stm32f429zi.pdf Graphic file (type pdf)
<use ./Documentos/stm32f429zi.pdf, page 93>
Package pdftex.def Info: ./Documentos/stm32f429zi.pdf , page93 used on input li
ne 7.
(pdftex.def)             Requested size: 597.22978pt x 845.15544pt.
File: ./Documentos/stm32f429zi.pdf Graphic file (type pdf)
<use ./Documentos/stm32f429zi.pdf, page 93>
Package pdftex.def Info: ./Documentos/stm32f429zi.pdf , page93 used on input li
ne 7.
(pdftex.def)             Requested size: 597.25711pt x 845.19412pt.
File: ./Documentos/stm32f429zi.pdf Graphic file (type pdf)
<use ./Documentos/stm32f429zi.pdf, page 93>
Package pdftex.def Info: ./Documentos/stm32f429zi.pdf , page93 used on input li
ne 7.
(pdftex.def)             Requested size: 597.25711pt x 845.19412pt.
File: ./Documentos/stm32f429zi.pdf Graphic file (type pdf)
<use ./Documentos/stm32f429zi.pdf, page 93>
Package pdftex.def Info: ./Documentos/stm32f429zi.pdf , page93 used on input li
ne 7.
(pdftex.def)             Requested size: 597.25711pt x 845.19412pt.
File: ./Documentos/stm32f429zi.pdf Graphic file (type pdf)
<use ./Documentos/stm32f429zi.pdf, page 93>
Package pdftex.def Info: ./Documentos/stm32f429zi.pdf , page93 used on input li
ne 7.
(pdftex.def)             Requested size: 597.25711pt x 845.19412pt.

[42 <./Documentos/stm32f429zi.pdf>]
File: ./Documentos/stm32f429zi.pdf Graphic file (type pdf)
<use ./Documentos/stm32f429zi.pdf>
Package pdftex.def Info: ./Documentos/stm32f429zi.pdf  used on input line 7.
(pdftex.def)             Requested size: 597.22978pt x 845.15544pt.
File: ./Documentos/stm32f429zi.pdf Graphic file (type pdf)
<use ./Documentos/stm32f429zi.pdf>
Package pdftex.def Info: ./Documentos/stm32f429zi.pdf  used on input line 7.
(pdftex.def)             Requested size: 597.22978pt x 845.15544pt.
<./Documentos/stm32f429zi.pdf, id=507, page=94, 597.23125pt x 845.1575pt>
File: ./Documentos/stm32f429zi.pdf Graphic file (type pdf)
<use ./Documentos/stm32f429zi.pdf, page 94>
Package pdftex.def Info: ./Documentos/stm32f429zi.pdf , page94 used on input li
ne 7.
(pdftex.def)             Requested size: 597.22978pt x 845.15544pt.
File: ./Documentos/stm32f429zi.pdf Graphic file (type pdf)
<use ./Documentos/stm32f429zi.pdf, page 94>
Package pdftex.def Info: ./Documentos/stm32f429zi.pdf , page94 used on input li
ne 7.
(pdftex.def)             Requested size: 597.25711pt x 845.19412pt.
File: ./Documentos/stm32f429zi.pdf Graphic file (type pdf)
<use ./Documentos/stm32f429zi.pdf, page 94>
Package pdftex.def Info: ./Documentos/stm32f429zi.pdf , page94 used on input li
ne 7.
(pdftex.def)             Requested size: 597.25711pt x 845.19412pt.
File: ./Documentos/stm32f429zi.pdf Graphic file (type pdf)
<use ./Documentos/stm32f429zi.pdf, page 94>
Package pdftex.def Info: ./Documentos/stm32f429zi.pdf , page94 used on input li
ne 7.
(pdftex.def)             Requested size: 597.25711pt x 845.19412pt.
File: ./Documentos/stm32f429zi.pdf Graphic file (type pdf)
<use ./Documentos/stm32f429zi.pdf, page 94>
Package pdftex.def Info: ./Documentos/stm32f429zi.pdf , page94 used on input li
ne 7.
(pdftex.def)             Requested size: 597.25711pt x 845.19412pt.
 [43 <./Documentos/stm32f429zi.pdf>]
<./Documentos/l3gd20.pdf, id=514, 597.23125pt x 845.1575pt>
File: ./Documentos/l3gd20.pdf Graphic file (type pdf)
<use ./Documentos/l3gd20.pdf>
Package pdftex.def Info: ./Documentos/l3gd20.pdf  used on input line 10.
(pdftex.def)             Requested size: 597.22978pt x 845.15544pt.
File: ./Documentos/l3gd20.pdf Graphic file (type pdf)
<use ./Documentos/l3gd20.pdf>
Package pdftex.def Info: ./Documentos/l3gd20.pdf  used on input line 10.
(pdftex.def)             Requested size: 597.22978pt x 845.15544pt.
<./Documentos/l3gd20.pdf, id=517, page=1, 597.23125pt x 845.1575pt>
File: ./Documentos/l3gd20.pdf Graphic file (type pdf)
<use ./Documentos/l3gd20.pdf, page 1>
Package pdftex.def Info: ./Documentos/l3gd20.pdf , page1 used on input line 10.

(pdftex.def)             Requested size: 597.22978pt x 845.15544pt.
File: ./Documentos/l3gd20.pdf Graphic file (type pdf)
<use ./Documentos/l3gd20.pdf, page 1>
Package pdftex.def Info: ./Documentos/l3gd20.pdf , page1 used on input line 10.

(pdftex.def)             Requested size: 597.25711pt x 845.19412pt.
File: ./Documentos/l3gd20.pdf Graphic file (type pdf)
<use ./Documentos/l3gd20.pdf, page 1>
Package pdftex.def Info: ./Documentos/l3gd20.pdf , page1 used on input line 10.

(pdftex.def)             Requested size: 597.25711pt x 845.19412pt.
File: ./Documentos/l3gd20.pdf Graphic file (type pdf)
<use ./Documentos/l3gd20.pdf, page 1>
Package pdftex.def Info: ./Documentos/l3gd20.pdf , page1 used on input line 10.

(pdftex.def)             Requested size: 597.25711pt x 845.19412pt.
File: ./Documentos/l3gd20.pdf Graphic file (type pdf)
<use ./Documentos/l3gd20.pdf, page 1>
Package pdftex.def Info: ./Documentos/l3gd20.pdf , page1 used on input line 10.

(pdftex.def)             Requested size: 597.25711pt x 845.19412pt.

[44 <./Documentos/l3gd20.pdf>]
File: ./Documentos/l3gd20.pdf Graphic file (type pdf)
<use ./Documentos/l3gd20.pdf>
Package pdftex.def Info: ./Documentos/l3gd20.pdf  used on input line 10.
(pdftex.def)             Requested size: 597.22978pt x 845.15544pt.
File: ./Documentos/l3gd20.pdf Graphic file (type pdf)
<use ./Documentos/l3gd20.pdf>
Package pdftex.def Info: ./Documentos/l3gd20.pdf  used on input line 10.
(pdftex.def)             Requested size: 597.22978pt x 845.15544pt.
<./Documentos/l3gd20.pdf, id=560, page=15, 597.23125pt x 845.1575pt>
File: ./Documentos/l3gd20.pdf Graphic file (type pdf)
<use ./Documentos/l3gd20.pdf, page 15>
Package pdftex.def Info: ./Documentos/l3gd20.pdf , page15 used on input line 10
.
(pdftex.def)             Requested size: 597.22978pt x 845.15544pt.
File: ./Documentos/l3gd20.pdf Graphic file (type pdf)
<use ./Documentos/l3gd20.pdf, page 15>
Package pdftex.def Info: ./Documentos/l3gd20.pdf , page15 used on input line 10
.
(pdftex.def)             Requested size: 597.25711pt x 845.19412pt.
File: ./Documentos/l3gd20.pdf Graphic file (type pdf)
<use ./Documentos/l3gd20.pdf, page 15>
Package pdftex.def Info: ./Documentos/l3gd20.pdf , page15 used on input line 10
.
(pdftex.def)             Requested size: 597.25711pt x 845.19412pt.
File: ./Documentos/l3gd20.pdf Graphic file (type pdf)
<use ./Documentos/l3gd20.pdf, page 15>
Package pdftex.def Info: ./Documentos/l3gd20.pdf , page15 used on input line 10
.
(pdftex.def)             Requested size: 597.25711pt x 845.19412pt.
File: ./Documentos/l3gd20.pdf Graphic file (type pdf)
<use ./Documentos/l3gd20.pdf, page 15>
Package pdftex.def Info: ./Documentos/l3gd20.pdf , page15 used on input line 10
.
(pdftex.def)             Requested size: 597.25711pt x 845.19412pt.
 [45 <./Documentos/l3gd20.pdf>]
<./Documentos/ILI9341.pdf, id=582, 597.23125pt x 845.1575pt>
File: ./Documentos/ILI9341.pdf Graphic file (type pdf)
<use ./Documentos/ILI9341.pdf>
Package pdftex.def Info: ./Documentos/ILI9341.pdf  used on input line 13.
(pdftex.def)             Requested size: 597.22978pt x 845.15544pt.
File: ./Documentos/ILI9341.pdf Graphic file (type pdf)
<use ./Documentos/ILI9341.pdf>
Package pdftex.def Info: ./Documentos/ILI9341.pdf  used on input line 13.
(pdftex.def)             Requested size: 597.22978pt x 845.15544pt.
<./Documentos/ILI9341.pdf, id=585, page=7, 597.23125pt x 845.1575pt>
File: ./Documentos/ILI9341.pdf Graphic file (type pdf)
<use ./Documentos/ILI9341.pdf, page 7>
Package pdftex.def Info: ./Documentos/ILI9341.pdf , page7 used on input line 13
.
(pdftex.def)             Requested size: 597.22978pt x 845.15544pt.
File: ./Documentos/ILI9341.pdf Graphic file (type pdf)
<use ./Documentos/ILI9341.pdf, page 7>
Package pdftex.def Info: ./Documentos/ILI9341.pdf , page7 used on input line 13
.
(pdftex.def)             Requested size: 597.25711pt x 845.19412pt.
File: ./Documentos/ILI9341.pdf Graphic file (type pdf)
<use ./Documentos/ILI9341.pdf, page 7>
Package pdftex.def Info: ./Documentos/ILI9341.pdf , page7 used on input line 13
.
(pdftex.def)             Requested size: 597.25711pt x 845.19412pt.
File: ./Documentos/ILI9341.pdf Graphic file (type pdf)
<use ./Documentos/ILI9341.pdf, page 7>
Package pdftex.def Info: ./Documentos/ILI9341.pdf , page7 used on input line 13
.
(pdftex.def)             Requested size: 597.25711pt x 845.19412pt.
File: ./Documentos/ILI9341.pdf Graphic file (type pdf)
<use ./Documentos/ILI9341.pdf, page 7>
Package pdftex.def Info: ./Documentos/ILI9341.pdf , page7 used on input line 13
.
(pdftex.def)             Requested size: 597.25711pt x 845.19412pt.
 [46 <./Documentos/ILI9341.pdf>]) (./main.aux
LaTeX Info: Redefining \. on input line 26.
LaTeX Info: Redefining \% on input line 26.
)
Package rerunfilecheck Info: File `main.out' has not changed.
(rerunfilecheck)             Checksum: 7DA525D5F85B1CD59288B7EEECE73ECF;600.
 ) 
Here is how much of TeX's memory you used:
 42388 strings out of 478287
 992104 string characters out of 5849289
 1483393 words of memory out of 5000000
 59926 multiletter control sequences out of 15000+600000
 479129 words of font info for 66 fonts, out of 8000000 for 9000
 1141 hyphenation exceptions out of 8191
 99i,17n,103p,1045b,1005s stack positions out of 5000i,500n,10000p,200000b,80000s
{/usr/share/texmf/fonts/enc/dvips/cm-super/cm-super-ts1.enc}</usr/share/texli
ve/texmf-dist/fonts/type1/public/amsfonts/cm/cmbx12.pfb></usr/share/texlive/tex
mf-dist/fonts/type1/public/amsfonts/cm/cmcsc10.pfb></usr/share/texlive/texmf-di
st/fonts/type1/public/amsfonts/cm/cmmi12.pfb></usr/share/texlive/texmf-dist/fon
ts/type1/public/amsfonts/cm/cmmi8.pfb></usr/share/texlive/texmf-dist/fonts/type
1/public/amsfonts/cm/cmr10.pfb></usr/share/texlive/texmf-dist/fonts/type1/publi
c/amsfonts/cm/cmr12.pfb></usr/share/texlive/texmf-dist/fonts/type1/public/amsfo
nts/cm/cmr17.pfb></usr/share/texlive/texmf-dist/fonts/type1/public/amsfonts/cm/
cmr8.pfb></usr/share/texlive/texmf-dist/fonts/type1/public/amsfonts/cm/cmsy10.p
fb></usr/share/texlive/texmf-dist/fonts/type1/public/amsfonts/cm/cmtt12.pfb></u
sr/share/texlive/texmf-dist/fonts/type1/public/amsfonts/symbols/msam10.pfb></us
r/share/texmf/fonts/type1/public/cm-super/sfrm1200.pfb>
Output written on main.pdf (50 pages, 6962692 bytes).
PDF statistics:
 694 PDF objects out of 1000 (max. 8388607)
 444 compressed objects within 5 object streams
 89 named destinations out of 1000 (max. 500000)
 433 words of extra memory for PDF output out of 10000 (max. 10000000)

